<?xml version="1.0" encoding="utf-8"?>
<CoverageSession>
  <Summary numSequencePoints="1790" visitedSequencePoints="1198" numBranchPoints="971" visitedBranchPoints="438" sequenceCoverage="66.92" branchCoverage="45.1" maxCyclomaticComplexity="1322" minCyclomaticComplexity="5" visitedClasses="135" numClasses="165" visitedMethods="383" numMethods="507" />
  <Modules>
    <Module hash="B96B9D3F-C23F-4AD5-8479-021C36EF4D22">
      <ModulePath>Saucery.Core.dll</ModulePath>
      <ModuleTime>2025-02-26T03:39:40</ModuleTime>
      <ModuleName>Saucery.Core</ModuleName>
      <Files>
        <File uid="1" fullPath="C:\gitrepos\Saucery\Saucery.Core\Util\DebugMessages.cs" />
        <File uid="2" fullPath="C:\gitrepos\Saucery\Saucery.Core\Util\Enviro.cs" />
        <File uid="3" fullPath="C:\gitrepos\Saucery\Saucery.Core\Util\IDGenerator.cs" />
        <File uid="4" fullPath="C:\gitrepos\Saucery\Saucery.Core\Util\Sanitiser.cs" />
        <File uid="5" fullPath="C:\gitrepos\Saucery\Saucery.Core\Util\SauceryConstants.cs" />
        <File uid="6" fullPath="C:\gitrepos\Saucery\Saucery.Core\Util\UserChecker.cs" />
        <File uid="7" fullPath="C:\gitrepos\Saucery\Saucery.Core\RestAPI\RestAPILimitsChecker.cs" />
        <File uid="8" fullPath="C:\gitrepos\Saucery\Saucery.Core\RestAPI\RestBase.cs" />
        <File uid="9" fullPath="C:\gitrepos\Saucery\Saucery.Core\RestAPI\SupportedPlatform.cs" />
        <File uid="10" fullPath="C:\gitrepos\Saucery\Saucery.Core\RestAPI\TestStatus\RealDeviceJobs.cs" />
        <File uid="11" fullPath="C:\gitrepos\Saucery\Saucery.Core\RestAPI\TestStatus\SauceLabsEmulatedStatusNotifier.cs" />
        <File uid="12" fullPath="C:\gitrepos\Saucery\Saucery.Core\RestAPI\TestStatus\SauceLabsRealDeviceStatusNotifier.cs" />
        <File uid="13" fullPath="C:\gitrepos\Saucery\Saucery.Core\RestAPI\TestStatus\SauceLabsStatusNotifier.cs" />
        <File uid="14" fullPath="C:\gitrepos\Saucery\Saucery.Core\RestAPI\SupportedPlatforms\SauceLabsPlatformAcquirer.cs" />
        <File uid="15" fullPath="C:\gitrepos\Saucery\Saucery.Core\RestAPI\SupportedPlatforms\SauceLabsRealDeviceAcquirer.cs" />
        <File uid="16" fullPath="C:\gitrepos\Saucery\Saucery.Core\RestAPI\FlowControl\FlowControl.cs" />
        <File uid="17" fullPath="C:\gitrepos\Saucery\Saucery.Core\RestAPI\FlowControl\SauceLabsFlowController.cs" />
        <File uid="18" fullPath="C:\gitrepos\Saucery\Saucery.Core\PageObjects\PageObjectBase.cs" />
        <File uid="19" fullPath="C:\gitrepos\Saucery\Saucery.Core\Options\OptionFactory.cs" />
        <File uid="20" fullPath="C:\gitrepos\Saucery\Saucery.Core\Options\ConcreteProducts\ChromeBrowserOptions.cs" />
        <File uid="21" fullPath="C:\gitrepos\Saucery\Saucery.Core\Options\ConcreteProducts\EdgeBrowserOptions.cs" />
        <File uid="22" fullPath="C:\gitrepos\Saucery\Saucery.Core\Options\ConcreteProducts\EmulatedAndroidOptions.cs" />
        <File uid="23" fullPath="C:\gitrepos\Saucery\Saucery.Core\Options\ConcreteProducts\EmulatedIOSOptions.cs" />
        <File uid="24" fullPath="C:\gitrepos\Saucery\Saucery.Core\Options\ConcreteProducts\FirefoxBrowserOptions.cs" />
        <File uid="25" fullPath="C:\gitrepos\Saucery\Saucery.Core\Options\ConcreteProducts\IEBrowserOptions.cs" />
        <File uid="26" fullPath="C:\gitrepos\Saucery\Saucery.Core\Options\ConcreteProducts\RealDeviceAndroidOptions.cs" />
        <File uid="27" fullPath="C:\gitrepos\Saucery\Saucery.Core\Options\ConcreteProducts\RealDeviceIOSOptions.cs" />
        <File uid="28" fullPath="C:\gitrepos\Saucery\Saucery.Core\Options\ConcreteProducts\SafariBrowserOptions.cs" />
        <File uid="29" fullPath="C:\gitrepos\Saucery\Saucery.Core\Options\ConcreteCreators\ChromeCreator.cs" />
        <File uid="30" fullPath="C:\gitrepos\Saucery\Saucery.Core\Options\ConcreteCreators\EdgeCreator.cs" />
        <File uid="31" fullPath="C:\gitrepos\Saucery\Saucery.Core\Options\ConcreteCreators\EmulatedAndroidCreator.cs" />
        <File uid="32" fullPath="C:\gitrepos\Saucery\Saucery.Core\Options\ConcreteCreators\EmulatedIOSCreator.cs" />
        <File uid="33" fullPath="C:\gitrepos\Saucery\Saucery.Core\Options\ConcreteCreators\FirefoxCreator.cs" />
        <File uid="34" fullPath="C:\gitrepos\Saucery\Saucery.Core\Options\ConcreteCreators\IECreator.cs" />
        <File uid="35" fullPath="C:\gitrepos\Saucery\Saucery.Core\Options\ConcreteCreators\RealDeviceAndroidCreator.cs" />
        <File uid="36" fullPath="C:\gitrepos\Saucery\Saucery.Core\Options\ConcreteCreators\RealDeviceIOSCreator.cs" />
        <File uid="37" fullPath="C:\gitrepos\Saucery\Saucery.Core\Options\ConcreteCreators\SafariCreator.cs" />
        <File uid="38" fullPath="C:\gitrepos\Saucery\Saucery.Core\Options\Base\BaseOptions.cs" />
        <File uid="39" fullPath="C:\gitrepos\Saucery\Saucery.Core\OnDemand\AndroidPlatform.cs" />
        <File uid="40" fullPath="C:\gitrepos\Saucery\Saucery.Core\OnDemand\AndroidRealDevice.cs" />
        <File uid="41" fullPath="C:\gitrepos\Saucery\Saucery.Core\OnDemand\DesktopPlatform.cs" />
        <File uid="42" fullPath="C:\gitrepos\Saucery\Saucery.Core\OnDemand\IOSPlatform.cs" />
        <File uid="43" fullPath="C:\gitrepos\Saucery\Saucery.Core\OnDemand\IOSRealDevice.cs" />
        <File uid="44" fullPath="C:\gitrepos\Saucery\Saucery.Core\OnDemand\MobilePlatform.cs" />
        <File uid="45" fullPath="C:\gitrepos\Saucery\Saucery.Core\OnDemand\PlatformClassifer.cs" />
        <File uid="46" fullPath="C:\gitrepos\Saucery\Saucery.Core\OnDemand\PlatformExpander.cs" />
        <File uid="47" fullPath="C:\gitrepos\Saucery\Saucery.Core\OnDemand\PlatformExtensions.cs" />
        <File uid="48" fullPath="C:\gitrepos\Saucery\Saucery.Core\OnDemand\PlatformType.cs" />
        <File uid="49" fullPath="C:\gitrepos\Saucery\Saucery.Core\OnDemand\RangeClassifer.cs" />
        <File uid="50" fullPath="C:\gitrepos\Saucery\Saucery.Core\OnDemand\RealDevice.cs" />
        <File uid="51" fullPath="C:\gitrepos\Saucery\Saucery.Core\OnDemand\Base\SaucePlatform.cs" />
        <File uid="52" fullPath="C:\gitrepos\Saucery\Saucery.Core\Driver\SauceryRemoteWebDriver.cs" />
        <File uid="53" fullPath="C:\gitrepos\Saucery\Saucery.Core\Dojo\BrowserVersion.cs" />
        <File uid="54" fullPath="C:\gitrepos\Saucery\Saucery.Core\Dojo\DojoExtensions.cs" />
        <File uid="55" fullPath="C:\gitrepos\Saucery\Saucery.Core\Dojo\PlatformConfigurator.cs" />
        <File uid="56" fullPath="C:\gitrepos\Saucery\Saucery.Core\Dojo\Platforms\AndroidPlatformFactory.cs" />
        <File uid="57" fullPath="C:\gitrepos\Saucery\Saucery.Core\Dojo\Platforms\ApplePlatformFactory.cs" />
        <File uid="58" fullPath="C:\gitrepos\Saucery\Saucery.Core\Dojo\Platforms\DesktopPlatformFactory.cs" />
        <File uid="59" fullPath="C:\gitrepos\Saucery\Saucery.Core\Dojo\Platforms\PlatformFactory.cs" />
        <File uid="60" fullPath="C:\gitrepos\Saucery\Saucery.Core\Dojo\Platforms\ConcreteProducts\PC\Mac11Platform.cs" />
        <File uid="61" fullPath="C:\gitrepos\Saucery\Saucery.Core\Dojo\Platforms\ConcreteProducts\PC\Mac12Platform.cs" />
        <File uid="62" fullPath="C:\gitrepos\Saucery\Saucery.Core\Dojo\Platforms\ConcreteProducts\PC\Mac13Platform.cs" />
        <File uid="63" fullPath="C:\gitrepos\Saucery\Saucery.Core\Dojo\Platforms\ConcreteProducts\PC\Windows10Platform.cs" />
        <File uid="64" fullPath="C:\gitrepos\Saucery\Saucery.Core\Dojo\Platforms\ConcreteProducts\PC\Windows11Platform.cs" />
        <File uid="65" fullPath="C:\gitrepos\Saucery\Saucery.Core\Dojo\Platforms\ConcreteProducts\PC\Windows7Platform.cs" />
        <File uid="66" fullPath="C:\gitrepos\Saucery\Saucery.Core\Dojo\Platforms\ConcreteProducts\PC\Windows81Platform.cs" />
        <File uid="67" fullPath="C:\gitrepos\Saucery\Saucery.Core\Dojo\Platforms\ConcreteProducts\PC\Windows8Platform.cs" />
        <File uid="68" fullPath="C:\gitrepos\Saucery\Saucery.Core\Dojo\Platforms\ConcreteProducts\Linux\LinuxPlatform.cs" />
        <File uid="69" fullPath="C:\gitrepos\Saucery\Saucery.Core\Dojo\Platforms\ConcreteProducts\Google\Android10Platform.cs" />
        <File uid="70" fullPath="C:\gitrepos\Saucery\Saucery.Core\Dojo\Platforms\ConcreteProducts\Google\Android11Platform.cs" />
        <File uid="71" fullPath="C:\gitrepos\Saucery\Saucery.Core\Dojo\Platforms\ConcreteProducts\Google\Android12Platform.cs" />
        <File uid="72" fullPath="C:\gitrepos\Saucery\Saucery.Core\Dojo\Platforms\ConcreteProducts\Google\Android13Platform.cs" />
        <File uid="73" fullPath="C:\gitrepos\Saucery\Saucery.Core\Dojo\Platforms\ConcreteProducts\Google\Android14Platform.cs" />
        <File uid="74" fullPath="C:\gitrepos\Saucery\Saucery.Core\Dojo\Platforms\ConcreteProducts\Google\Android15Platform.cs" />
        <File uid="75" fullPath="C:\gitrepos\Saucery\Saucery.Core\Dojo\Platforms\ConcreteProducts\Google\Android51Platform.cs" />
        <File uid="76" fullPath="C:\gitrepos\Saucery\Saucery.Core\Dojo\Platforms\ConcreteProducts\Google\Android6Platform.cs" />
        <File uid="77" fullPath="C:\gitrepos\Saucery\Saucery.Core\Dojo\Platforms\ConcreteProducts\Google\Android71Platform.cs" />
        <File uid="78" fullPath="C:\gitrepos\Saucery\Saucery.Core\Dojo\Platforms\ConcreteProducts\Google\Android7Platform.cs" />
        <File uid="79" fullPath="C:\gitrepos\Saucery\Saucery.Core\Dojo\Platforms\ConcreteProducts\Google\Android81Platform.cs" />
        <File uid="80" fullPath="C:\gitrepos\Saucery\Saucery.Core\Dojo\Platforms\ConcreteProducts\Google\Android8Platform.cs" />
        <File uid="81" fullPath="C:\gitrepos\Saucery\Saucery.Core\Dojo\Platforms\ConcreteProducts\Google\Android9Platform.cs" />
        <File uid="82" fullPath="C:\gitrepos\Saucery\Saucery.Core\Dojo\Platforms\ConcreteProducts\Apple\IOS13Platform.cs" />
        <File uid="83" fullPath="C:\gitrepos\Saucery\Saucery.Core\Dojo\Platforms\ConcreteProducts\Apple\IOS143Platform.cs" />
        <File uid="84" fullPath="C:\gitrepos\Saucery\Saucery.Core\Dojo\Platforms\ConcreteProducts\Apple\IOS144Platform.cs" />
        <File uid="85" fullPath="C:\gitrepos\Saucery\Saucery.Core\Dojo\Platforms\ConcreteProducts\Apple\IOS145Platform.cs" />
        <File uid="86" fullPath="C:\gitrepos\Saucery\Saucery.Core\Dojo\Platforms\ConcreteProducts\Apple\IOS14Platform.cs" />
        <File uid="87" fullPath="C:\gitrepos\Saucery\Saucery.Core\Dojo\Platforms\ConcreteProducts\Apple\IOS152Platform.cs" />
        <File uid="88" fullPath="C:\gitrepos\Saucery\Saucery.Core\Dojo\Platforms\ConcreteProducts\Apple\IOS154Platform.cs" />
        <File uid="89" fullPath="C:\gitrepos\Saucery\Saucery.Core\Dojo\Platforms\ConcreteProducts\Apple\IOS155Platform.cs" />
        <File uid="90" fullPath="C:\gitrepos\Saucery\Saucery.Core\Dojo\Platforms\ConcreteProducts\Apple\IOS15Platform.cs" />
        <File uid="91" fullPath="C:\gitrepos\Saucery\Saucery.Core\Dojo\Platforms\ConcreteProducts\Apple\IOS161Platform.cs" />
        <File uid="92" fullPath="C:\gitrepos\Saucery\Saucery.Core\Dojo\Platforms\ConcreteProducts\Apple\IOS162Platform.cs" />
        <File uid="93" fullPath="C:\gitrepos\Saucery\Saucery.Core\Dojo\Platforms\ConcreteProducts\Apple\IOS16Platform.cs" />
        <File uid="94" fullPath="C:\gitrepos\Saucery\Saucery.Core\Dojo\Platforms\ConcreteProducts\Apple\IOS17Platform.cs" />
        <File uid="95" fullPath="C:\gitrepos\Saucery\Saucery.Core\Dojo\Platforms\ConcreteProducts\Apple\IOS18Platform.cs" />
        <File uid="96" fullPath="C:\gitrepos\Saucery\Saucery.Core\Dojo\Platforms\ConcreteCreators\PC\Mac11PlatformCreator.cs" />
        <File uid="97" fullPath="C:\gitrepos\Saucery\Saucery.Core\Dojo\Platforms\ConcreteCreators\PC\Mac12PlatformCreator.cs" />
        <File uid="98" fullPath="C:\gitrepos\Saucery\Saucery.Core\Dojo\Platforms\ConcreteCreators\PC\Mac13PlatformCreator.cs" />
        <File uid="99" fullPath="C:\gitrepos\Saucery\Saucery.Core\Dojo\Platforms\ConcreteCreators\PC\Windows10PlatformCreator.cs" />
        <File uid="100" fullPath="C:\gitrepos\Saucery\Saucery.Core\Dojo\Platforms\ConcreteCreators\PC\Windows11PlatformCreator.cs" />
        <File uid="101" fullPath="C:\gitrepos\Saucery\Saucery.Core\Dojo\Platforms\ConcreteCreators\PC\Windows7PlatformCreator.cs" />
        <File uid="102" fullPath="C:\gitrepos\Saucery\Saucery.Core\Dojo\Platforms\ConcreteCreators\PC\Windows81PlatformCreator.cs" />
        <File uid="103" fullPath="C:\gitrepos\Saucery\Saucery.Core\Dojo\Platforms\ConcreteCreators\PC\Windows8BPlatformCreator.cs" />
        <File uid="104" fullPath="C:\gitrepos\Saucery\Saucery.Core\Dojo\Platforms\ConcreteCreators\Linux\LinuxPlatformCreator.cs" />
        <File uid="105" fullPath="C:\gitrepos\Saucery\Saucery.Core\Dojo\Platforms\ConcreteCreators\Google\Android10PlatformCreator.cs" />
        <File uid="106" fullPath="C:\gitrepos\Saucery\Saucery.Core\Dojo\Platforms\ConcreteCreators\Google\Android11PlatformCreator.cs" />
        <File uid="107" fullPath="C:\gitrepos\Saucery\Saucery.Core\Dojo\Platforms\ConcreteCreators\Google\Android12PlatformCreator.cs" />
        <File uid="108" fullPath="C:\gitrepos\Saucery\Saucery.Core\Dojo\Platforms\ConcreteCreators\Google\Android13PlatformCreator.cs" />
        <File uid="109" fullPath="C:\gitrepos\Saucery\Saucery.Core\Dojo\Platforms\ConcreteCreators\Google\Android14PlatformCreator.cs" />
        <File uid="110" fullPath="C:\gitrepos\Saucery\Saucery.Core\Dojo\Platforms\ConcreteCreators\Google\Android15PlatformCreator.cs" />
        <File uid="111" fullPath="C:\gitrepos\Saucery\Saucery.Core\Dojo\Platforms\ConcreteCreators\Google\Android51PlatformCreator.cs" />
        <File uid="112" fullPath="C:\gitrepos\Saucery\Saucery.Core\Dojo\Platforms\ConcreteCreators\Google\Android6PlatformCreator.cs" />
        <File uid="113" fullPath="C:\gitrepos\Saucery\Saucery.Core\Dojo\Platforms\ConcreteCreators\Google\Android71PlatformCreator.cs" />
        <File uid="114" fullPath="C:\gitrepos\Saucery\Saucery.Core\Dojo\Platforms\ConcreteCreators\Google\Android7PlatformCreator.cs" />
        <File uid="115" fullPath="C:\gitrepos\Saucery\Saucery.Core\Dojo\Platforms\ConcreteCreators\Google\Android81PlatformCreator.cs" />
        <File uid="116" fullPath="C:\gitrepos\Saucery\Saucery.Core\Dojo\Platforms\ConcreteCreators\Google\Android8PlatformCreator.cs" />
        <File uid="117" fullPath="C:\gitrepos\Saucery\Saucery.Core\Dojo\Platforms\ConcreteCreators\Google\Android9PlatformCreator.cs" />
        <File uid="118" fullPath="C:\gitrepos\Saucery\Saucery.Core\Dojo\Platforms\ConcreteCreators\Apple\IOS13PlatformCreator.cs" />
        <File uid="119" fullPath="C:\gitrepos\Saucery\Saucery.Core\Dojo\Platforms\ConcreteCreators\Apple\IOS143PlatformCreator.cs" />
        <File uid="120" fullPath="C:\gitrepos\Saucery\Saucery.Core\Dojo\Platforms\ConcreteCreators\Apple\IOS144PlatformCreator.cs" />
        <File uid="121" fullPath="C:\gitrepos\Saucery\Saucery.Core\Dojo\Platforms\ConcreteCreators\Apple\IOS145PlatformCreator.cs" />
        <File uid="122" fullPath="C:\gitrepos\Saucery\Saucery.Core\Dojo\Platforms\ConcreteCreators\Apple\IOS14PlatformCreator.cs" />
        <File uid="123" fullPath="C:\gitrepos\Saucery\Saucery.Core\Dojo\Platforms\ConcreteCreators\Apple\IOS152PlatformCreator.cs" />
        <File uid="124" fullPath="C:\gitrepos\Saucery\Saucery.Core\Dojo\Platforms\ConcreteCreators\Apple\IOS154PlatformCreator.cs" />
        <File uid="125" fullPath="C:\gitrepos\Saucery\Saucery.Core\Dojo\Platforms\ConcreteCreators\Apple\IOS155PlatformCreator.cs" />
        <File uid="126" fullPath="C:\gitrepos\Saucery\Saucery.Core\Dojo\Platforms\ConcreteCreators\Apple\IOS15PlatformCreator.cs" />
        <File uid="127" fullPath="C:\gitrepos\Saucery\Saucery.Core\Dojo\Platforms\ConcreteCreators\Apple\IOS161PlatformCreator.cs" />
        <File uid="128" fullPath="C:\gitrepos\Saucery\Saucery.Core\Dojo\Platforms\ConcreteCreators\Apple\IOS162PlatformCreator.cs" />
        <File uid="129" fullPath="C:\gitrepos\Saucery\Saucery.Core\Dojo\Platforms\ConcreteCreators\Apple\IOS16PlatformCreator.cs" />
        <File uid="130" fullPath="C:\gitrepos\Saucery\Saucery.Core\Dojo\Platforms\ConcreteCreators\Apple\IOS17PlatformCreator.cs" />
        <File uid="131" fullPath="C:\gitrepos\Saucery\Saucery.Core\Dojo\Platforms\ConcreteCreators\Apple\IOS18PlatformCreator.cs" />
        <File uid="132" fullPath="C:\gitrepos\Saucery\Saucery.Core\Dojo\Platforms\Base\PlatformBase.cs" />
        <File uid="133" fullPath="C:\gitrepos\Saucery\Saucery.Core\Dojo\Platforms\Base\PlatformCreator.cs" />
        <File uid="134" fullPath="C:\gitrepos\Saucery\Saucery.Core\Dojo\Browsers\BrowserFactory.cs" />
        <File uid="135" fullPath="C:\gitrepos\Saucery\Saucery.Core\Dojo\Browsers\ConcreteProducts\PC\ChromeBrowser.cs" />
        <File uid="136" fullPath="C:\gitrepos\Saucery\Saucery.Core\Dojo\Browsers\ConcreteProducts\PC\EdgeBrowser.cs" />
        <File uid="137" fullPath="C:\gitrepos\Saucery\Saucery.Core\Dojo\Browsers\ConcreteProducts\PC\FirefoxBrowser.cs" />
        <File uid="138" fullPath="C:\gitrepos\Saucery\Saucery.Core\Dojo\Browsers\ConcreteProducts\PC\IEBrowser.cs" />
        <File uid="139" fullPath="C:\gitrepos\Saucery\Saucery.Core\Dojo\Browsers\ConcreteProducts\PC\SafariBrowser.cs" />
        <File uid="140" fullPath="C:\gitrepos\Saucery\Saucery.Core\Dojo\Browsers\ConcreteProducts\Google\AndroidBrowser.cs" />
        <File uid="141" fullPath="C:\gitrepos\Saucery\Saucery.Core\Dojo\Browsers\ConcreteProducts\Apple\IOSBrowser.cs" />
        <File uid="142" fullPath="C:\gitrepos\Saucery\Saucery.Core\Dojo\Browsers\ConcreteCreators\PC\Mac11BrowserCreator.cs" />
        <File uid="143" fullPath="C:\gitrepos\Saucery\Saucery.Core\Dojo\Browsers\ConcreteCreators\PC\Mac12BrowserCreator.cs" />
        <File uid="144" fullPath="C:\gitrepos\Saucery\Saucery.Core\Dojo\Browsers\ConcreteCreators\PC\Mac13BrowserCreator.cs" />
        <File uid="145" fullPath="C:\gitrepos\Saucery\Saucery.Core\Dojo\Browsers\ConcreteCreators\PC\Windows10BrowserCreator.cs" />
        <File uid="146" fullPath="C:\gitrepos\Saucery\Saucery.Core\Dojo\Browsers\ConcreteCreators\PC\Windows11BrowserCreator.cs" />
        <File uid="147" fullPath="C:\gitrepos\Saucery\Saucery.Core\Dojo\Browsers\ConcreteCreators\PC\Windows7BrowserCreator.cs" />
        <File uid="148" fullPath="C:\gitrepos\Saucery\Saucery.Core\Dojo\Browsers\ConcreteCreators\PC\Windows81BrowserCreator.cs" />
        <File uid="149" fullPath="C:\gitrepos\Saucery\Saucery.Core\Dojo\Browsers\ConcreteCreators\PC\Windows8BrowserCreator.cs" />
        <File uid="150" fullPath="C:\gitrepos\Saucery\Saucery.Core\Dojo\Browsers\ConcreteCreators\Linux\LinuxBrowserCreator.cs" />
        <File uid="151" fullPath="C:\gitrepos\Saucery\Saucery.Core\Dojo\Browsers\ConcreteCreators\Google\AndroidBrowserCreator.cs" />
        <File uid="152" fullPath="C:\gitrepos\Saucery\Saucery.Core\Dojo\Browsers\ConcreteCreators\Apple\IOSBrowserCreator.cs" />
        <File uid="153" fullPath="C:\gitrepos\Saucery\Saucery.Core\Dojo\Browsers\Base\BrowserBase.cs" />
        <File uid="154" fullPath="C:\gitrepos\Saucery\Saucery.Core\Dojo\Browsers\Base\BrowserCreator.cs" />
        <File uid="155" fullPath="C:\gitrepos\Saucery\Saucery.Core\DataSources\SauceryTestData.cs" />
      </Files>
      <Classes>
        <Class>
          <Summary numSequencePoints="37" visitedSequencePoints="13" numBranchPoints="18" visitedBranchPoints="6" sequenceCoverage="35.13" branchCoverage="33.33" maxCyclomaticComplexity="4" minCyclomaticComplexity="1" visitedClasses="1" numClasses="1" visitedMethods="3" numMethods="8" />
          <FullName>Saucery.Core.Util.DebugMessages</FullName>
          <Methods>
            <Method cyclomaticComplexity="2" nPathComplexity="2" sequenceCoverage="100" branchCoverage="100" isConstructor="False" isGetter="False" isSetter="False" isStatic="True">
              <Summary numSequencePoints="4" visitedSequencePoints="4" numBranchPoints="2" visitedBranchPoints="2" sequenceCoverage="100" branchCoverage="100" maxCyclomaticComplexity="2" minCyclomaticComplexity="2" visitedClasses="0" numClasses="0" visitedMethods="1" numMethods="1" />
              <MetadataToken />
              <Name>System.Void Saucery.Core.Util.DebugMessages::PrintHaveDesktopPlatform()</Name>
              <FileRef uid="1" />
              <SequencePoints>
                <SequencePoint vc="3" uspid="9" ordinal="0" sl="9" sc="1" el="9" ec="2" bec="2" bev="2" fileid="1" />
                <SequencePoint vc="3" uspid="11" ordinal="1" sl="11" sc="1" el="11" ec="2" bec="0" bev="0" fileid="1" />
                <SequencePoint vc="3" uspid="12" ordinal="2" sl="12" sc="1" el="12" ec="2" bec="0" bev="0" fileid="1" />
                <SequencePoint vc="3" uspid="14" ordinal="3" sl="14" sc="1" el="14" ec="2" bec="0" bev="0" fileid="1" />
              </SequencePoints>
              <BranchPoints>
                <BranchPoint vc="3" uspid="9" ordinal="0" path="0" offset="5" offsetend="7" sl="9" fileid="1" />
                <BranchPoint vc="3" uspid="9" ordinal="1" path="1" offset="5" offsetend="27" sl="9" fileid="1" />
              </BranchPoints>
              <MethodPoint vc="4" uspid="0" p8:type="SequencePoint" ordinal="0" offset="0" sc="0" sl="9" ec="1" el="14" bec="0" bev="0" fileid="1" xmlns:p8="xsi" />
            </Method>
            <Method cyclomaticComplexity="2" nPathComplexity="2" sequenceCoverage="0" branchCoverage="0" isConstructor="False" isGetter="False" isSetter="False" isStatic="True">
              <Summary numSequencePoints="4" visitedSequencePoints="0" numBranchPoints="2" visitedBranchPoints="0" sequenceCoverage="0" branchCoverage="0" maxCyclomaticComplexity="2" minCyclomaticComplexity="2" visitedClasses="0" numClasses="0" visitedMethods="0" numMethods="1" />
              <MetadataToken />
              <Name>System.Void Saucery.Core.Util.DebugMessages::AvailablePlatformsAlreadyPopulated()</Name>
              <FileRef uid="1" />
              <SequencePoints>
                <SequencePoint vc="0" uspid="18" ordinal="0" sl="18" sc="1" el="18" ec="2" bec="2" bev="0" fileid="1" />
                <SequencePoint vc="0" uspid="19" ordinal="1" sl="19" sc="1" el="19" ec="2" bec="0" bev="0" fileid="1" />
                <SequencePoint vc="0" uspid="20" ordinal="2" sl="20" sc="1" el="20" ec="2" bec="0" bev="0" fileid="1" />
                <SequencePoint vc="0" uspid="22" ordinal="3" sl="22" sc="1" el="22" ec="2" bec="0" bev="0" fileid="1" />
              </SequencePoints>
              <BranchPoints>
                <BranchPoint vc="0" uspid="18" ordinal="0" path="0" offset="5" offsetend="7" sl="18" fileid="1" />
                <BranchPoint vc="0" uspid="18" ordinal="1" path="1" offset="5" offsetend="27" sl="18" fileid="1" />
              </BranchPoints>
              <MethodPoint vc="0" uspid="0" p8:type="SequencePoint" ordinal="1" offset="1" sc="0" sl="18" ec="1" el="22" bec="0" bev="0" fileid="1" xmlns:p8="xsi" />
            </Method>
            <Method cyclomaticComplexity="2" nPathComplexity="2" sequenceCoverage="100" branchCoverage="100" isConstructor="False" isGetter="False" isSetter="False" isStatic="True">
              <Summary numSequencePoints="4" visitedSequencePoints="4" numBranchPoints="2" visitedBranchPoints="2" sequenceCoverage="100" branchCoverage="100" maxCyclomaticComplexity="2" minCyclomaticComplexity="2" visitedClasses="0" numClasses="0" visitedMethods="1" numMethods="1" />
              <MetadataToken />
              <Name>System.Void Saucery.Core.Util.DebugMessages::AvailablePlatformsEmpty()</Name>
              <FileRef uid="1" />
              <SequencePoints>
                <SequencePoint vc="1" uspid="25" ordinal="0" sl="25" sc="1" el="25" ec="2" bec="2" bev="2" fileid="1" />
                <SequencePoint vc="1" uspid="26" ordinal="1" sl="26" sc="1" el="26" ec="2" bec="0" bev="0" fileid="1" />
                <SequencePoint vc="1" uspid="27" ordinal="2" sl="27" sc="1" el="27" ec="2" bec="0" bev="0" fileid="1" />
                <SequencePoint vc="1" uspid="29" ordinal="3" sl="29" sc="1" el="29" ec="2" bec="0" bev="0" fileid="1" />
              </SequencePoints>
              <BranchPoints>
                <BranchPoint vc="1" uspid="25" ordinal="0" path="0" offset="5" offsetend="7" sl="25" fileid="1" />
                <BranchPoint vc="1" uspid="25" ordinal="1" path="1" offset="5" offsetend="27" sl="25" fileid="1" />
              </BranchPoints>
              <MethodPoint vc="4" uspid="0" p8:type="SequencePoint" ordinal="2" offset="2" sc="0" sl="25" ec="1" el="29" bec="0" bev="0" fileid="1" xmlns:p8="xsi" />
            </Method>
            <Method cyclomaticComplexity="4" nPathComplexity="4" sequenceCoverage="0" branchCoverage="0" isConstructor="False" isGetter="False" isSetter="False" isStatic="True">
              <Summary numSequencePoints="4" visitedSequencePoints="0" numBranchPoints="4" visitedBranchPoints="0" sequenceCoverage="0" branchCoverage="0" maxCyclomaticComplexity="4" minCyclomaticComplexity="4" visitedClasses="0" numClasses="0" visitedMethods="0" numMethods="1" />
              <MetadataToken />
              <Name>System.Void Saucery.Core.Util.DebugMessages::PrintHaveAndroidPlatform(System.Boolean)</Name>
              <FileRef uid="1" />
              <SequencePoints>
                <SequencePoint vc="0" uspid="33" ordinal="0" sl="33" sc="1" el="33" ec="2" bec="2" bev="0" fileid="1" />
                <SequencePoint vc="0" uspid="35" ordinal="1" sl="35" sc="1" el="35" ec="2" bec="2" bev="0" fileid="1" />
                <SequencePoint vc="0" uspid="36" ordinal="2" sl="36" sc="1" el="36" ec="2" bec="0" bev="0" fileid="1" />
                <SequencePoint vc="0" uspid="38" ordinal="3" sl="38" sc="1" el="38" ec="2" bec="0" bev="0" fileid="1" />
              </SequencePoints>
              <BranchPoints>
                <BranchPoint vc="0" uspid="33" ordinal="0" path="0" offset="5" offsetend="7" sl="33" fileid="1" />
                <BranchPoint vc="0" uspid="35" ordinal="2" path="0" offset="8" offsetend="10" sl="35" fileid="1" />
                <BranchPoint vc="0" uspid="35" ordinal="3" path="1" offset="8" offsetend="17" sl="35" fileid="1" />
                <BranchPoint vc="0" uspid="33" ordinal="1" path="1" offset="5" offsetend="37" sl="33" fileid="1" />
              </BranchPoints>
              <MethodPoint vc="0" uspid="0" p8:type="SequencePoint" ordinal="3" offset="3" sc="0" sl="33" ec="1" el="38" bec="0" bev="0" fileid="1" xmlns:p8="xsi" />
            </Method>
            <Method cyclomaticComplexity="4" nPathComplexity="4" sequenceCoverage="0" branchCoverage="0" isConstructor="False" isGetter="False" isSetter="False" isStatic="True">
              <Summary numSequencePoints="4" visitedSequencePoints="0" numBranchPoints="4" visitedBranchPoints="0" sequenceCoverage="0" branchCoverage="0" maxCyclomaticComplexity="4" minCyclomaticComplexity="4" visitedClasses="0" numClasses="0" visitedMethods="0" numMethods="1" />
              <MetadataToken />
              <Name>System.Void Saucery.Core.Util.DebugMessages::PrintHaveApplePlatform(System.Boolean)</Name>
              <FileRef uid="1" />
              <SequencePoints>
                <SequencePoint vc="0" uspid="42" ordinal="0" sl="42" sc="1" el="42" ec="2" bec="2" bev="0" fileid="1" />
                <SequencePoint vc="0" uspid="44" ordinal="1" sl="44" sc="1" el="44" ec="2" bec="2" bev="0" fileid="1" />
                <SequencePoint vc="0" uspid="45" ordinal="2" sl="45" sc="1" el="45" ec="2" bec="0" bev="0" fileid="1" />
                <SequencePoint vc="0" uspid="47" ordinal="3" sl="47" sc="1" el="47" ec="2" bec="0" bev="0" fileid="1" />
              </SequencePoints>
              <BranchPoints>
                <BranchPoint vc="0" uspid="42" ordinal="0" path="0" offset="5" offsetend="7" sl="42" fileid="1" />
                <BranchPoint vc="0" uspid="44" ordinal="2" path="0" offset="8" offsetend="10" sl="44" fileid="1" />
                <BranchPoint vc="0" uspid="44" ordinal="3" path="1" offset="8" offsetend="17" sl="44" fileid="1" />
                <BranchPoint vc="0" uspid="42" ordinal="1" path="1" offset="5" offsetend="37" sl="42" fileid="1" />
              </BranchPoints>
              <MethodPoint vc="0" uspid="0" p8:type="SequencePoint" ordinal="4" offset="4" sc="0" sl="42" ec="1" el="47" bec="0" bev="0" fileid="1" xmlns:p8="xsi" />
            </Method>
            <Method cyclomaticComplexity="2" nPathComplexity="2" sequenceCoverage="100" branchCoverage="100" isConstructor="False" isGetter="False" isSetter="False" isStatic="True">
              <Summary numSequencePoints="5" visitedSequencePoints="5" numBranchPoints="2" visitedBranchPoints="2" sequenceCoverage="100" branchCoverage="100" maxCyclomaticComplexity="2" minCyclomaticComplexity="2" visitedClasses="0" numClasses="0" visitedMethods="1" numMethods="1" />
              <MetadataToken />
              <Name>System.Void Saucery.Core.Util.DebugMessages::PrintDesktopOptionValues(Saucery.Core.Dojo.BrowserVersion)</Name>
              <FileRef uid="1" />
              <SequencePoints>
                <SequencePoint vc="3" uspid="51" ordinal="0" sl="51" sc="1" el="51" ec="2" bec="2" bev="2" fileid="1" />
                <SequencePoint vc="3" uspid="53" ordinal="1" sl="53" sc="1" el="53" ec="2" bec="0" bev="0" fileid="1" />
                <SequencePoint vc="3" uspid="54" ordinal="2" sl="54" sc="1" el="54" ec="2" bec="0" bev="0" fileid="1" />
                <SequencePoint vc="3" uspid="55" ordinal="3" sl="55" sc="1" el="55" ec="2" bec="0" bev="0" fileid="1" />
                <SequencePoint vc="3" uspid="57" ordinal="4" sl="57" sc="1" el="57" ec="2" bec="0" bev="0" fileid="1" />
              </SequencePoints>
              <BranchPoints>
                <BranchPoint vc="3" uspid="51" ordinal="0" path="0" offset="5" offsetend="7" sl="51" fileid="1" />
                <BranchPoint vc="3" uspid="51" ordinal="1" path="1" offset="5" offsetend="70" sl="51" fileid="1" />
              </BranchPoints>
              <MethodPoint vc="5" uspid="0" p8:type="SequencePoint" ordinal="5" offset="5" sc="0" sl="51" ec="1" el="57" bec="0" bev="0" fileid="1" xmlns:p8="xsi" />
            </Method>
            <Method cyclomaticComplexity="2" nPathComplexity="2" sequenceCoverage="0" branchCoverage="0" isConstructor="False" isGetter="False" isSetter="False" isStatic="True">
              <Summary numSequencePoints="7" visitedSequencePoints="0" numBranchPoints="2" visitedBranchPoints="0" sequenceCoverage="0" branchCoverage="0" maxCyclomaticComplexity="2" minCyclomaticComplexity="2" visitedClasses="0" numClasses="0" visitedMethods="0" numMethods="1" />
              <MetadataToken />
              <Name>System.Void Saucery.Core.Util.DebugMessages::PrintiOSOptionValues(Saucery.Core.Dojo.BrowserVersion)</Name>
              <FileRef uid="1" />
              <SequencePoints>
                <SequencePoint vc="0" uspid="60" ordinal="0" sl="60" sc="1" el="60" ec="2" bec="2" bev="0" fileid="1" />
                <SequencePoint vc="0" uspid="61" ordinal="1" sl="61" sc="1" el="61" ec="2" bec="0" bev="0" fileid="1" />
                <SequencePoint vc="0" uspid="62" ordinal="2" sl="62" sc="1" el="62" ec="2" bec="0" bev="0" fileid="1" />
                <SequencePoint vc="0" uspid="63" ordinal="3" sl="63" sc="1" el="63" ec="2" bec="0" bev="0" fileid="1" />
                <SequencePoint vc="0" uspid="64" ordinal="4" sl="64" sc="1" el="64" ec="2" bec="0" bev="0" fileid="1" />
                <SequencePoint vc="0" uspid="65" ordinal="5" sl="65" sc="1" el="65" ec="2" bec="0" bev="0" fileid="1" />
                <SequencePoint vc="0" uspid="66" ordinal="6" sl="66" sc="1" el="66" ec="2" bec="0" bev="0" fileid="1" />
              </SequencePoints>
              <BranchPoints>
                <BranchPoint vc="0" uspid="60" ordinal="0" path="0" offset="299" offsetend="301" sl="60" fileid="1" />
                <BranchPoint vc="0" uspid="60" ordinal="1" path="1" offset="299" offsetend="308" sl="60" fileid="1" />
              </BranchPoints>
              <MethodPoint vc="0" uspid="0" p8:type="SequencePoint" ordinal="6" offset="6" sc="0" sl="60" ec="1" el="66" bec="0" bev="0" fileid="1" xmlns:p8="xsi" />
            </Method>
            <Method cyclomaticComplexity="1" nPathComplexity="1" sequenceCoverage="0" branchCoverage="100" isConstructor="False" isGetter="False" isSetter="False" isStatic="True">
              <Summary numSequencePoints="5" visitedSequencePoints="0" numBranchPoints="0" visitedBranchPoints="0" sequenceCoverage="0" branchCoverage="100" maxCyclomaticComplexity="1" minCyclomaticComplexity="1" visitedClasses="0" numClasses="0" visitedMethods="0" numMethods="1" />
              <MetadataToken />
              <Name>System.Void Saucery.Core.Util.DebugMessages::PrintAndroidOptionValues(Saucery.Core.Dojo.BrowserVersion)</Name>
              <FileRef uid="1" />
              <SequencePoints>
                <SequencePoint vc="0" uspid="69" ordinal="0" sl="69" sc="1" el="69" ec="2" bec="0" bev="0" fileid="1" />
                <SequencePoint vc="0" uspid="70" ordinal="1" sl="70" sc="1" el="70" ec="2" bec="0" bev="0" fileid="1" />
                <SequencePoint vc="0" uspid="71" ordinal="2" sl="71" sc="1" el="71" ec="2" bec="0" bev="0" fileid="1" />
                <SequencePoint vc="0" uspid="72" ordinal="3" sl="72" sc="1" el="72" ec="2" bec="0" bev="0" fileid="1" />
                <SequencePoint vc="0" uspid="73" ordinal="4" sl="73" sc="1" el="73" ec="2" bec="0" bev="0" fileid="1" />
              </SequencePoints>
              <BranchPoints />
              <MethodPoint vc="0" uspid="0" p8:type="SequencePoint" ordinal="7" offset="7" sc="0" sl="69" ec="1" el="73" bec="0" bev="0" fileid="1" xmlns:p8="xsi" />
            </Method>
          </Methods>
        </Class>
        <Class>
          <Summary numSequencePoints="5" visitedSequencePoints="4" numBranchPoints="2" visitedBranchPoints="2" sequenceCoverage="80" branchCoverage="100" maxCyclomaticComplexity="2" minCyclomaticComplexity="1" visitedClasses="1" numClasses="1" visitedMethods="4" numMethods="5" />
          <FullName>Saucery.Core.Util.Enviro</FullName>
          <Methods>
            <Method cyclomaticComplexity="1" nPathComplexity="1" sequenceCoverage="0" branchCoverage="100" isConstructor="False" isGetter="True" isSetter="False" isStatic="True">
              <Summary numSequencePoints="1" visitedSequencePoints="0" numBranchPoints="0" visitedBranchPoints="0" sequenceCoverage="0" branchCoverage="100" maxCyclomaticComplexity="1" minCyclomaticComplexity="1" visitedClasses="0" numClasses="0" visitedMethods="0" numMethods="1" />
              <MetadataToken />
              <Name>System.String Saucery.Core.Util.Enviro::get_SauceNativeApp()</Name>
              <FileRef uid="2" />
              <SequencePoints>
                <SequencePoint vc="0" uspid="5" ordinal="0" sl="5" sc="1" el="5" ec="2" bec="0" bev="0" fileid="2" />
              </SequencePoints>
              <BranchPoints />
              <MethodPoint vc="0" uspid="0" p8:type="SequencePoint" ordinal="0" offset="0" sc="0" sl="5" ec="1" el="5" bec="0" bev="0" fileid="2" xmlns:p8="xsi" />
            </Method>
            <Method cyclomaticComplexity="1" nPathComplexity="1" sequenceCoverage="100" branchCoverage="100" isConstructor="False" isGetter="True" isSetter="False" isStatic="True">
              <Summary numSequencePoints="1" visitedSequencePoints="1" numBranchPoints="0" visitedBranchPoints="0" sequenceCoverage="100" branchCoverage="100" maxCyclomaticComplexity="1" minCyclomaticComplexity="1" visitedClasses="0" numClasses="0" visitedMethods="1" numMethods="1" />
              <MetadataToken />
              <Name>System.String Saucery.Core.Util.Enviro::get_SauceUserName()</Name>
              <FileRef uid="2" />
              <SequencePoints>
                <SequencePoint vc="18" uspid="8" ordinal="0" sl="8" sc="1" el="8" ec="2" bec="0" bev="0" fileid="2" />
              </SequencePoints>
              <BranchPoints />
              <MethodPoint vc="1" uspid="0" p8:type="SequencePoint" ordinal="1" offset="1" sc="0" sl="8" ec="1" el="8" bec="0" bev="0" fileid="2" xmlns:p8="xsi" />
            </Method>
            <Method cyclomaticComplexity="1" nPathComplexity="1" sequenceCoverage="100" branchCoverage="100" isConstructor="False" isGetter="True" isSetter="False" isStatic="True">
              <Summary numSequencePoints="1" visitedSequencePoints="1" numBranchPoints="0" visitedBranchPoints="0" sequenceCoverage="100" branchCoverage="100" maxCyclomaticComplexity="1" minCyclomaticComplexity="1" visitedClasses="0" numClasses="0" visitedMethods="1" numMethods="1" />
              <MetadataToken />
              <Name>System.String Saucery.Core.Util.Enviro::get_SauceApiKey()</Name>
              <FileRef uid="2" />
              <SequencePoints>
                <SequencePoint vc="4" uspid="11" ordinal="0" sl="11" sc="1" el="11" ec="2" bec="0" bev="0" fileid="2" />
              </SequencePoints>
              <BranchPoints />
              <MethodPoint vc="1" uspid="0" p8:type="SequencePoint" ordinal="2" offset="2" sc="0" sl="11" ec="1" el="11" bec="0" bev="0" fileid="2" xmlns:p8="xsi" />
            </Method>
            <Method cyclomaticComplexity="2" nPathComplexity="2" sequenceCoverage="100" branchCoverage="100" isConstructor="False" isGetter="True" isSetter="False" isStatic="True">
              <Summary numSequencePoints="1" visitedSequencePoints="1" numBranchPoints="2" visitedBranchPoints="2" sequenceCoverage="100" branchCoverage="100" maxCyclomaticComplexity="2" minCyclomaticComplexity="2" visitedClasses="0" numClasses="0" visitedMethods="1" numMethods="1" />
              <MetadataToken />
              <Name>System.String Saucery.Core.Util.Enviro::get_BuildName()</Name>
              <FileRef uid="2" />
              <SequencePoints>
                <SequencePoint vc="3" uspid="14" ordinal="0" sl="14" sc="1" el="14" ec="2" bec="2" bev="2" fileid="2" />
              </SequencePoints>
              <BranchPoints>
                <BranchPoint vc="3" uspid="14" ordinal="0" path="0" offset="16" offsetend="18" sl="14" fileid="2" />
                <BranchPoint vc="3" uspid="14" ordinal="1" path="1" offset="16" offsetend="24" sl="14" fileid="2" />
              </BranchPoints>
              <MethodPoint vc="1" uspid="0" p8:type="SequencePoint" ordinal="3" offset="3" sc="0" sl="14" ec="1" el="14" bec="0" bev="0" fileid="2" xmlns:p8="xsi" />
            </Method>
            <Method cyclomaticComplexity="1" nPathComplexity="1" sequenceCoverage="100" branchCoverage="100" isConstructor="False" isGetter="False" isSetter="False" isStatic="True">
              <Summary numSequencePoints="1" visitedSequencePoints="1" numBranchPoints="0" visitedBranchPoints="0" sequenceCoverage="100" branchCoverage="100" maxCyclomaticComplexity="1" minCyclomaticComplexity="1" visitedClasses="0" numClasses="0" visitedMethods="1" numMethods="1" />
              <MetadataToken />
              <Name>System.String Saucery.Core.Util.Enviro::GetStringVar(System.String)</Name>
              <FileRef uid="2" />
              <SequencePoints>
                <SequencePoint vc="25" uspid="17" ordinal="0" sl="17" sc="1" el="17" ec="2" bec="0" bev="0" fileid="2" />
              </SequencePoints>
              <BranchPoints />
              <MethodPoint vc="1" uspid="0" p8:type="SequencePoint" ordinal="4" offset="4" sc="0" sl="17" ec="1" el="17" bec="0" bev="0" fileid="2" xmlns:p8="xsi" />
            </Method>
          </Methods>
        </Class>
        <Class>
          <Summary numSequencePoints="6" visitedSequencePoints="6" numBranchPoints="2" visitedBranchPoints="2" sequenceCoverage="100" branchCoverage="100" maxCyclomaticComplexity="2" minCyclomaticComplexity="1" visitedClasses="1" numClasses="1" visitedMethods="4" numMethods="4" />
          <FullName>Saucery.Core.Util.IdGenerator</FullName>
          <Methods>
            <Method cyclomaticComplexity="1" nPathComplexity="1" sequenceCoverage="100" branchCoverage="100" isConstructor="False" isGetter="True" isSetter="False" isStatic="True">
              <Summary numSequencePoints="1" visitedSequencePoints="1" numBranchPoints="0" visitedBranchPoints="0" sequenceCoverage="100" branchCoverage="100" maxCyclomaticComplexity="1" minCyclomaticComplexity="1" visitedClasses="0" numClasses="0" visitedMethods="1" numMethods="1" />
              <MetadataToken />
              <Name>Saucery.Core.Util.IdGenerator Saucery.Core.Util.IdGenerator::get_Instance()</Name>
              <FileRef uid="3" />
              <SequencePoints>
                <SequencePoint vc="4" uspid="6" ordinal="0" sl="6" sc="1" el="6" ec="2" bec="0" bev="0" fileid="3" />
              </SequencePoints>
              <BranchPoints />
              <MethodPoint vc="1" uspid="0" p8:type="SequencePoint" ordinal="0" offset="0" sc="0" sl="6" ec="1" el="6" bec="0" bev="0" fileid="3" xmlns:p8="xsi" />
            </Method>
            <Method cyclomaticComplexity="1" nPathComplexity="1" sequenceCoverage="100" branchCoverage="100" isConstructor="False" isGetter="True" isSetter="False" isStatic="True">
              <Summary numSequencePoints="1" visitedSequencePoints="1" numBranchPoints="0" visitedBranchPoints="0" sequenceCoverage="100" branchCoverage="100" maxCyclomaticComplexity="1" minCyclomaticComplexity="1" visitedClasses="0" numClasses="0" visitedMethods="1" numMethods="1" />
              <MetadataToken />
              <Name>System.String Saucery.Core.Util.IdGenerator::get_Id()</Name>
              <FileRef uid="3" />
              <SequencePoints>
                <SequencePoint vc="3" uspid="8" ordinal="0" sl="8" sc="1" el="8" ec="2" bec="0" bev="0" fileid="3" />
              </SequencePoints>
              <BranchPoints />
              <MethodPoint vc="1" uspid="0" p8:type="SequencePoint" ordinal="1" offset="1" sc="0" sl="8" ec="1" el="8" bec="0" bev="0" fileid="3" xmlns:p8="xsi" />
            </Method>
            <Method cyclomaticComplexity="1" nPathComplexity="1" sequenceCoverage="100" branchCoverage="100" isConstructor="True" isGetter="False" isSetter="False" isStatic="True">
              <Summary numSequencePoints="1" visitedSequencePoints="1" numBranchPoints="0" visitedBranchPoints="0" sequenceCoverage="100" branchCoverage="100" maxCyclomaticComplexity="1" minCyclomaticComplexity="1" visitedClasses="0" numClasses="0" visitedMethods="1" numMethods="1" />
              <MetadataToken />
              <Name>System.Void Saucery.Core.Util.IdGenerator::.cctor()</Name>
              <FileRef uid="3" />
              <SequencePoints>
                <SequencePoint vc="1" uspid="14" ordinal="0" sl="14" sc="1" el="14" ec="2" bec="0" bev="0" fileid="3" />
              </SequencePoints>
              <BranchPoints />
              <MethodPoint vc="1" uspid="0" p8:type="SequencePoint" ordinal="2" offset="2" sc="0" sl="14" ec="1" el="14" bec="0" bev="0" fileid="3" xmlns:p8="xsi" />
            </Method>
            <Method cyclomaticComplexity="2" nPathComplexity="2" sequenceCoverage="100" branchCoverage="100" isConstructor="True" isGetter="False" isSetter="False" isStatic="True">
              <Summary numSequencePoints="3" visitedSequencePoints="3" numBranchPoints="2" visitedBranchPoints="2" sequenceCoverage="100" branchCoverage="100" maxCyclomaticComplexity="2" minCyclomaticComplexity="2" visitedClasses="0" numClasses="0" visitedMethods="1" numMethods="1" />
              <MetadataToken />
              <Name>System.Void Saucery.Core.Util.IdGenerator::.ctor()</Name>
              <FileRef uid="3" />
              <SequencePoints>
                <SequencePoint vc="1" uspid="16" ordinal="0" sl="16" sc="1" el="16" ec="2" bec="0" bev="0" fileid="3" />
                <SequencePoint vc="1" uspid="18" ordinal="1" sl="18" sc="1" el="18" ec="2" bec="2" bev="2" fileid="3" />
                <SequencePoint vc="1" uspid="19" ordinal="2" sl="19" sc="1" el="19" ec="2" bec="0" bev="0" fileid="3" />
              </SequencePoints>
              <BranchPoints>
                <BranchPoint vc="1" uspid="18" ordinal="0" path="0" offset="12" offsetend="14" sl="18" fileid="3" />
                <BranchPoint vc="1" uspid="18" ordinal="1" path="1" offset="12" offsetend="39" sl="18" fileid="3" />
              </BranchPoints>
              <MethodPoint vc="3" uspid="0" p8:type="SequencePoint" ordinal="3" offset="3" sc="0" sl="16" ec="1" el="19" bec="0" bev="0" fileid="3" xmlns:p8="xsi" />
            </Method>
          </Methods>
        </Class>
        <Class>
          <Summary numSequencePoints="3" visitedSequencePoints="3" numBranchPoints="2" visitedBranchPoints="1" sequenceCoverage="100" branchCoverage="50" maxCyclomaticComplexity="2" minCyclomaticComplexity="2" visitedClasses="1" numClasses="1" visitedMethods="1" numMethods="1" />
          <FullName>Saucery.Core.Util.Sanitiser</FullName>
          <Methods>
            <Method cyclomaticComplexity="2" nPathComplexity="2" sequenceCoverage="100" branchCoverage="50" isConstructor="False" isGetter="False" isSetter="False" isStatic="True">
              <Summary numSequencePoints="3" visitedSequencePoints="3" numBranchPoints="2" visitedBranchPoints="1" sequenceCoverage="100" branchCoverage="50" maxCyclomaticComplexity="2" minCyclomaticComplexity="2" visitedClasses="0" numClasses="0" visitedMethods="1" numMethods="1" />
              <MetadataToken />
              <Name>System.String Saucery.Core.Util.Sanitiser::SanitisePlatformField(System.String)</Name>
              <FileRef uid="4" />
              <SequencePoints>
                <SequencePoint vc="7" uspid="5" ordinal="0" sl="5" sc="1" el="5" ec="2" bec="2" bev="1" fileid="4" />
                <SequencePoint vc="7" uspid="6" ordinal="1" sl="6" sc="1" el="6" ec="2" bec="0" bev="0" fileid="4" />
                <SequencePoint vc="7" uspid="7" ordinal="2" sl="7" sc="1" el="7" ec="2" bec="0" bev="0" fileid="4" />
              </SequencePoints>
              <BranchPoints>
                <BranchPoint vc="7" uspid="5" ordinal="0" path="0" offset="11" offsetend="13" sl="5" fileid="4" />
                <BranchPoint vc="0" uspid="5" ordinal="1" path="1" offset="11" offsetend="15" sl="5" fileid="4" />
              </BranchPoints>
              <MethodPoint vc="3" uspid="0" p8:type="SequencePoint" ordinal="0" offset="0" sc="0" sl="5" ec="1" el="7" bec="0" bev="0" fileid="4" xmlns:p8="xsi" />
            </Method>
          </Methods>
        </Class>
        <Class>
          <Summary numSequencePoints="39" visitedSequencePoints="39" numBranchPoints="0" visitedBranchPoints="0" sequenceCoverage="100" branchCoverage="100" maxCyclomaticComplexity="1" minCyclomaticComplexity="1" visitedClasses="1" numClasses="1" visitedMethods="1" numMethods="1" />
          <FullName>Saucery.Core.Util.SauceryConstants</FullName>
          <Methods>
            <Method cyclomaticComplexity="1" nPathComplexity="1" sequenceCoverage="100" branchCoverage="100" isConstructor="True" isGetter="False" isSetter="False" isStatic="True">
              <Summary numSequencePoints="39" visitedSequencePoints="39" numBranchPoints="0" visitedBranchPoints="0" sequenceCoverage="100" branchCoverage="100" maxCyclomaticComplexity="1" minCyclomaticComplexity="1" visitedClasses="0" numClasses="0" visitedMethods="1" numMethods="1" />
              <MetadataToken />
              <Name>System.Void Saucery.Core.Util.SauceryConstants::.cctor()</Name>
              <FileRef uid="5" />
              <SequencePoints>
                <SequencePoint vc="1" uspid="6" ordinal="0" sl="6" sc="1" el="6" ec="2" bec="0" bev="0" fileid="5" />
                <SequencePoint vc="1" uspid="20" ordinal="1" sl="20" sc="1" el="20" ec="2" bec="0" bev="0" fileid="5" />
                <SequencePoint vc="1" uspid="34" ordinal="2" sl="34" sc="1" el="34" ec="2" bec="0" bev="0" fileid="5" />
                <SequencePoint vc="1" uspid="61" ordinal="3" sl="61" sc="1" el="61" ec="2" bec="0" bev="0" fileid="5" />
                <SequencePoint vc="1" uspid="62" ordinal="4" sl="62" sc="1" el="62" ec="2" bec="0" bev="0" fileid="5" />
                <SequencePoint vc="1" uspid="120" ordinal="5" sl="120" sc="1" el="120" ec="2" bec="0" bev="0" fileid="5" />
                <SequencePoint vc="1" uspid="188" ordinal="6" sl="188" sc="1" el="188" ec="2" bec="0" bev="0" fileid="5" />
                <SequencePoint vc="1" uspid="189" ordinal="7" sl="189" sc="1" el="189" ec="2" bec="0" bev="0" fileid="5" />
                <SequencePoint vc="1" uspid="190" ordinal="8" sl="190" sc="1" el="190" ec="2" bec="0" bev="0" fileid="5" />
                <SequencePoint vc="1" uspid="191" ordinal="9" sl="191" sc="1" el="191" ec="2" bec="0" bev="0" fileid="5" />
                <SequencePoint vc="1" uspid="192" ordinal="10" sl="192" sc="1" el="192" ec="2" bec="0" bev="0" fileid="5" />
                <SequencePoint vc="1" uspid="193" ordinal="11" sl="193" sc="1" el="193" ec="2" bec="0" bev="0" fileid="5" />
                <SequencePoint vc="1" uspid="194" ordinal="12" sl="194" sc="1" el="194" ec="2" bec="0" bev="0" fileid="5" />
                <SequencePoint vc="1" uspid="195" ordinal="13" sl="195" sc="1" el="195" ec="2" bec="0" bev="0" fileid="5" />
                <SequencePoint vc="1" uspid="198" ordinal="14" sl="198" sc="1" el="198" ec="2" bec="0" bev="0" fileid="5" />
                <SequencePoint vc="1" uspid="199" ordinal="15" sl="199" sc="1" el="199" ec="2" bec="0" bev="0" fileid="5" />
                <SequencePoint vc="1" uspid="200" ordinal="16" sl="200" sc="1" el="200" ec="2" bec="0" bev="0" fileid="5" />
                <SequencePoint vc="1" uspid="201" ordinal="17" sl="201" sc="1" el="201" ec="2" bec="0" bev="0" fileid="5" />
                <SequencePoint vc="1" uspid="202" ordinal="18" sl="202" sc="1" el="202" ec="2" bec="0" bev="0" fileid="5" />
                <SequencePoint vc="1" uspid="203" ordinal="19" sl="203" sc="1" el="203" ec="2" bec="0" bev="0" fileid="5" />
                <SequencePoint vc="1" uspid="204" ordinal="20" sl="204" sc="1" el="204" ec="2" bec="0" bev="0" fileid="5" />
                <SequencePoint vc="1" uspid="205" ordinal="21" sl="205" sc="1" el="205" ec="2" bec="0" bev="0" fileid="5" />
                <SequencePoint vc="1" uspid="206" ordinal="22" sl="206" sc="1" el="206" ec="2" bec="0" bev="0" fileid="5" />
                <SequencePoint vc="1" uspid="207" ordinal="23" sl="207" sc="1" el="207" ec="2" bec="0" bev="0" fileid="5" />
                <SequencePoint vc="1" uspid="208" ordinal="24" sl="208" sc="1" el="208" ec="2" bec="0" bev="0" fileid="5" />
                <SequencePoint vc="1" uspid="209" ordinal="25" sl="209" sc="1" el="209" ec="2" bec="0" bev="0" fileid="5" />
                <SequencePoint vc="1" uspid="210" ordinal="26" sl="210" sc="1" el="210" ec="2" bec="0" bev="0" fileid="5" />
                <SequencePoint vc="1" uspid="211" ordinal="27" sl="211" sc="1" el="211" ec="2" bec="0" bev="0" fileid="5" />
                <SequencePoint vc="1" uspid="212" ordinal="28" sl="212" sc="1" el="212" ec="2" bec="0" bev="0" fileid="5" />
                <SequencePoint vc="1" uspid="213" ordinal="29" sl="213" sc="1" el="213" ec="2" bec="0" bev="0" fileid="5" />
                <SequencePoint vc="1" uspid="214" ordinal="30" sl="214" sc="1" el="214" ec="2" bec="0" bev="0" fileid="5" />
                <SequencePoint vc="1" uspid="215" ordinal="31" sl="215" sc="1" el="215" ec="2" bec="0" bev="0" fileid="5" />
                <SequencePoint vc="1" uspid="216" ordinal="32" sl="216" sc="1" el="216" ec="2" bec="0" bev="0" fileid="5" />
                <SequencePoint vc="1" uspid="217" ordinal="33" sl="217" sc="1" el="217" ec="2" bec="0" bev="0" fileid="5" />
                <SequencePoint vc="1" uspid="218" ordinal="34" sl="218" sc="1" el="218" ec="2" bec="0" bev="0" fileid="5" />
                <SequencePoint vc="1" uspid="219" ordinal="35" sl="219" sc="1" el="219" ec="2" bec="0" bev="0" fileid="5" />
                <SequencePoint vc="1" uspid="220" ordinal="36" sl="220" sc="1" el="220" ec="2" bec="0" bev="0" fileid="5" />
                <SequencePoint vc="1" uspid="223" ordinal="37" sl="223" sc="1" el="223" ec="2" bec="0" bev="0" fileid="5" />
                <SequencePoint vc="1" uspid="224" ordinal="38" sl="224" sc="1" el="224" ec="2" bec="0" bev="0" fileid="5" />
              </SequencePoints>
              <BranchPoints />
              <MethodPoint vc="39" uspid="0" p8:type="SequencePoint" ordinal="0" offset="0" sc="0" sl="6" ec="1" el="224" bec="0" bev="0" fileid="5" xmlns:p8="xsi" />
            </Method>
          </Methods>
        </Class>
        <Class>
          <Summary numSequencePoints="2" visitedSequencePoints="2" numBranchPoints="2" visitedBranchPoints="1" sequenceCoverage="100" branchCoverage="50" maxCyclomaticComplexity="2" minCyclomaticComplexity="2" visitedClasses="1" numClasses="1" visitedMethods="1" numMethods="1" />
          <FullName>Saucery.Core.Util.UserChecker</FullName>
          <Methods>
            <Method cyclomaticComplexity="2" nPathComplexity="2" sequenceCoverage="100" branchCoverage="50" isConstructor="False" isGetter="False" isSetter="False" isStatic="True">
              <Summary numSequencePoints="2" visitedSequencePoints="2" numBranchPoints="2" visitedBranchPoints="1" sequenceCoverage="100" branchCoverage="50" maxCyclomaticComplexity="2" minCyclomaticComplexity="2" visitedClasses="0" numClasses="0" visitedMethods="1" numMethods="1" />
              <MetadataToken />
              <Name>System.Boolean Saucery.Core.Util.UserChecker::ItIsMe()</Name>
              <FileRef uid="6" />
              <SequencePoints>
                <SequencePoint vc="7" uspid="5" ordinal="0" sl="5" sc="1" el="5" ec="2" bec="2" bev="1" fileid="6" />
                <SequencePoint vc="7" uspid="6" ordinal="1" sl="6" sc="1" el="6" ec="2" bec="0" bev="0" fileid="6" />
              </SequencePoints>
              <BranchPoints>
                <BranchPoint vc="7" uspid="5" ordinal="0" path="0" offset="5" offsetend="7" sl="5" fileid="6" />
                <BranchPoint vc="0" uspid="5" ordinal="1" path="1" offset="5" offsetend="28" sl="5" fileid="6" />
              </BranchPoints>
              <MethodPoint vc="2" uspid="0" p8:type="SequencePoint" ordinal="0" offset="0" sc="0" sl="5" ec="1" el="6" bec="0" bev="0" fileid="6" xmlns:p8="xsi" />
            </Method>
          </Methods>
        </Class>
        <Class>
          <Summary numSequencePoints="21" visitedSequencePoints="17" numBranchPoints="12" visitedBranchPoints="6" sequenceCoverage="80.95" branchCoverage="50" maxCyclomaticComplexity="4" minCyclomaticComplexity="1" visitedClasses="1" numClasses="1" visitedMethods="5" numMethods="6" />
          <FullName>Saucery.Core.RestAPI.RestAPILimitsChecker</FullName>
          <Methods>
            <Method cyclomaticComplexity="4" nPathComplexity="4" sequenceCoverage="90" branchCoverage="75" isConstructor="False" isGetter="False" isSetter="False" isStatic="True">
              <Summary numSequencePoints="10" visitedSequencePoints="9" numBranchPoints="4" visitedBranchPoints="3" sequenceCoverage="90" branchCoverage="75" maxCyclomaticComplexity="4" minCyclomaticComplexity="4" visitedClasses="0" numClasses="0" visitedMethods="1" numMethods="1" />
              <MetadataToken />
              <Name>System.Void Saucery.Core.RestAPI.RestAPILimitsChecker::Update(RestSharp.RestResponse)</Name>
              <FileRef uid="7" />
              <SequencePoints>
                <SequencePoint vc="3" uspid="11" ordinal="0" sl="11" sc="1" el="11" ec="2" bec="0" bev="0" fileid="7" />
                <SequencePoint vc="78" uspid="12" ordinal="1" sl="12" sc="1" el="12" ec="2" bec="2" bev="2" fileid="7" />
                <SequencePoint vc="36" uspid="13" ordinal="2" sl="13" sc="1" el="13" ec="2" bec="0" bev="0" fileid="7" />
                <SequencePoint vc="198" uspid="14" ordinal="3" sl="14" sc="1" el="14" ec="2" bec="0" bev="0" fileid="7" />
                <SequencePoint vc="234" uspid="15" ordinal="4" sl="15" sc="1" el="15" ec="2" bec="0" bev="0" fileid="7" />
                <SequencePoint vc="36" uspid="17" ordinal="5" sl="17" sc="1" el="17" ec="2" bec="2" bev="1" fileid="7" />
                <SequencePoint vc="0" uspid="18" ordinal="6" sl="18" sc="1" el="18" ec="2" bec="0" bev="0" fileid="7" />
                <SequencePoint vc="36" uspid="21" ordinal="7" sl="21" sc="1" el="21" ec="2" bec="0" bev="0" fileid="7" />
                <SequencePoint vc="36" uspid="23" ordinal="8" sl="23" sc="1" el="23" ec="2" bec="0" bev="0" fileid="7" />
                <SequencePoint vc="3" uspid="25" ordinal="9" sl="25" sc="1" el="25" ec="2" bec="0" bev="0" fileid="7" />
              </SequencePoints>
              <BranchPoints>
                <BranchPoint vc="36" uspid="12" ordinal="3" path="1" offset="168" offsetend="24" sl="12" fileid="7" />
                <BranchPoint vc="0" uspid="17" ordinal="0" path="0" offset="122" offsetend="124" sl="17" fileid="7" />
                <BranchPoint vc="36" uspid="17" ordinal="1" path="1" offset="122" offsetend="137" sl="17" fileid="7" />
                <BranchPoint vc="3" uspid="12" ordinal="2" path="0" offset="168" offsetend="173" sl="12" fileid="7" />
              </BranchPoints>
              <MethodPoint vc="9" uspid="0" p8:type="SequencePoint" ordinal="0" offset="0" sc="0" sl="11" ec="1" el="25" bec="0" bev="0" fileid="7" xmlns:p8="xsi" />
            </Method>
            <Method cyclomaticComplexity="2" nPathComplexity="2" sequenceCoverage="100" branchCoverage="50" isConstructor="False" isGetter="False" isSetter="False" isStatic="True">
              <Summary numSequencePoints="2" visitedSequencePoints="2" numBranchPoints="2" visitedBranchPoints="1" sequenceCoverage="100" branchCoverage="50" maxCyclomaticComplexity="2" minCyclomaticComplexity="2" visitedClasses="0" numClasses="0" visitedMethods="1" numMethods="1" />
              <MetadataToken />
              <Name>System.Boolean Saucery.Core.RestAPI.RestAPILimitsChecker::IsLimitExceeded()</Name>
              <FileRef uid="7" />
              <SequencePoints>
                <SequencePoint vc="3" uspid="28" ordinal="0" sl="28" sc="1" el="28" ec="2" bec="2" bev="1" fileid="7" />
                <SequencePoint vc="3" uspid="29" ordinal="1" sl="29" sc="1" el="29" ec="2" bec="0" bev="0" fileid="7" />
              </SequencePoints>
              <BranchPoints>
                <BranchPoint vc="3" uspid="28" ordinal="0" path="0" offset="6" offsetend="8" sl="28" fileid="7" />
                <BranchPoint vc="0" uspid="28" ordinal="1" path="1" offset="6" offsetend="15" sl="28" fileid="7" />
              </BranchPoints>
              <MethodPoint vc="2" uspid="0" p8:type="SequencePoint" ordinal="1" offset="1" sc="0" sl="28" ec="1" el="29" bec="0" bev="0" fileid="7" xmlns:p8="xsi" />
            </Method>
            <Method cyclomaticComplexity="2" nPathComplexity="2" sequenceCoverage="100" branchCoverage="50" isConstructor="False" isGetter="False" isSetter="False" isStatic="True">
              <Summary numSequencePoints="2" visitedSequencePoints="2" numBranchPoints="2" visitedBranchPoints="1" sequenceCoverage="100" branchCoverage="50" maxCyclomaticComplexity="2" minCyclomaticComplexity="2" visitedClasses="0" numClasses="0" visitedMethods="1" numMethods="1" />
              <MetadataToken />
              <Name>System.Boolean Saucery.Core.RestAPI.RestAPILimitsChecker::IsIndicatorPresentInJson()</Name>
              <FileRef uid="7" />
              <SequencePoints>
                <SequencePoint vc="3" uspid="32" ordinal="0" sl="32" sc="1" el="32" ec="2" bec="2" bev="1" fileid="7" />
                <SequencePoint vc="3" uspid="33" ordinal="1" sl="33" sc="1" el="33" ec="2" bec="0" bev="0" fileid="7" />
              </SequencePoints>
              <BranchPoints>
                <BranchPoint vc="3" uspid="32" ordinal="0" path="0" offset="11" offsetend="13" sl="32" fileid="7" />
                <BranchPoint vc="0" uspid="32" ordinal="1" path="1" offset="11" offsetend="35" sl="32" fileid="7" />
              </BranchPoints>
              <MethodPoint vc="2" uspid="0" p8:type="SequencePoint" ordinal="2" offset="2" sc="0" sl="32" ec="1" el="33" bec="0" bev="0" fileid="7" xmlns:p8="xsi" />
            </Method>
            <Method cyclomaticComplexity="2" nPathComplexity="2" sequenceCoverage="100" branchCoverage="50" isConstructor="False" isGetter="False" isSetter="False" isStatic="True">
              <Summary numSequencePoints="2" visitedSequencePoints="2" numBranchPoints="2" visitedBranchPoints="1" sequenceCoverage="100" branchCoverage="50" maxCyclomaticComplexity="2" minCyclomaticComplexity="2" visitedClasses="0" numClasses="0" visitedMethods="1" numMethods="1" />
              <MetadataToken />
              <Name>System.Boolean Saucery.Core.RestAPI.RestAPILimitsChecker::NoRemaining()</Name>
              <FileRef uid="7" />
              <SequencePoints>
                <SequencePoint vc="3" uspid="36" ordinal="0" sl="36" sc="1" el="36" ec="2" bec="2" bev="1" fileid="7" />
                <SequencePoint vc="3" uspid="37" ordinal="1" sl="37" sc="1" el="37" ec="2" bec="0" bev="0" fileid="7" />
              </SequencePoints>
              <BranchPoints>
                <BranchPoint vc="3" uspid="36" ordinal="0" path="0" offset="16" offsetend="18" sl="36" fileid="7" />
                <BranchPoint vc="0" uspid="36" ordinal="1" path="1" offset="16" offsetend="46" sl="36" fileid="7" />
              </BranchPoints>
              <MethodPoint vc="2" uspid="0" p8:type="SequencePoint" ordinal="3" offset="3" sc="0" sl="36" ec="1" el="37" bec="0" bev="0" fileid="7" xmlns:p8="xsi" />
            </Method>
            <Method cyclomaticComplexity="2" nPathComplexity="2" sequenceCoverage="0" branchCoverage="0" isConstructor="False" isGetter="False" isSetter="False" isStatic="True">
              <Summary numSequencePoints="3" visitedSequencePoints="0" numBranchPoints="2" visitedBranchPoints="0" sequenceCoverage="0" branchCoverage="0" maxCyclomaticComplexity="2" minCyclomaticComplexity="2" visitedClasses="0" numClasses="0" visitedMethods="0" numMethods="1" />
              <MetadataToken />
              <Name>System.Int32 Saucery.Core.RestAPI.RestAPILimitsChecker::GetReset()</Name>
              <FileRef uid="7" />
              <SequencePoints>
                <SequencePoint vc="0" uspid="40" ordinal="0" sl="40" sc="1" el="40" ec="2" bec="2" bev="0" fileid="7" />
                <SequencePoint vc="0" uspid="41" ordinal="1" sl="41" sc="1" el="41" ec="2" bec="0" bev="0" fileid="7" />
                <SequencePoint vc="0" uspid="42" ordinal="2" sl="42" sc="1" el="42" ec="2" bec="0" bev="0" fileid="7" />
              </SequencePoints>
              <BranchPoints>
                <BranchPoint vc="0" uspid="40" ordinal="0" path="0" offset="18" offsetend="20" sl="40" fileid="7" />
                <BranchPoint vc="0" uspid="40" ordinal="1" path="1" offset="18" offsetend="22" sl="40" fileid="7" />
              </BranchPoints>
              <MethodPoint vc="0" uspid="0" p8:type="SequencePoint" ordinal="4" offset="4" sc="0" sl="40" ec="1" el="42" bec="0" bev="0" fileid="7" xmlns:p8="xsi" />
            </Method>
            <Method cyclomaticComplexity="1" nPathComplexity="1" sequenceCoverage="100" branchCoverage="100" isConstructor="True" isGetter="False" isSetter="False" isStatic="True">
              <Summary numSequencePoints="2" visitedSequencePoints="2" numBranchPoints="0" visitedBranchPoints="0" sequenceCoverage="100" branchCoverage="100" maxCyclomaticComplexity="1" minCyclomaticComplexity="1" visitedClasses="0" numClasses="0" visitedMethods="1" numMethods="1" />
              <MetadataToken />
              <Name>System.Void Saucery.Core.RestAPI.RestAPILimitsChecker::.ctor()</Name>
              <FileRef uid="7" />
              <SequencePoints>
                <SequencePoint vc="14" uspid="7" ordinal="0" sl="7" sc="1" el="7" ec="2" bec="0" bev="0" fileid="7" />
                <SequencePoint vc="14" uspid="8" ordinal="1" sl="8" sc="1" el="8" ec="2" bec="0" bev="0" fileid="7" />
              </SequencePoints>
              <BranchPoints />
              <MethodPoint vc="2" uspid="0" p8:type="SequencePoint" ordinal="5" offset="5" sc="0" sl="7" ec="1" el="8" bec="0" bev="0" fileid="7" xmlns:p8="xsi" />
            </Method>
          </Methods>
        </Class>
        <Class>
          <Summary numSequencePoints="32" visitedSequencePoints="22" numBranchPoints="8" visitedBranchPoints="3" sequenceCoverage="68.75" branchCoverage="37.5" maxCyclomaticComplexity="4" minCyclomaticComplexity="1" visitedClasses="1" numClasses="1" visitedMethods="6" numMethods="6" />
          <FullName>Saucery.Core.RestAPI.RestBase</FullName>
          <Methods>
            <Method cyclomaticComplexity="1" nPathComplexity="1" sequenceCoverage="100" branchCoverage="100" isConstructor="False" isGetter="False" isSetter="False" isStatic="True">
              <Summary numSequencePoints="3" visitedSequencePoints="3" numBranchPoints="0" visitedBranchPoints="0" sequenceCoverage="100" branchCoverage="100" maxCyclomaticComplexity="1" minCyclomaticComplexity="1" visitedClasses="0" numClasses="0" visitedMethods="1" numMethods="1" />
              <MetadataToken />
              <Name>System.String Saucery.Core.RestAPI.RestBase::GetJsonResponse(System.String)</Name>
              <FileRef uid="8" />
              <SequencePoints>
                <SequencePoint vc="4" uspid="25" ordinal="0" sl="25" sc="1" el="25" ec="2" bec="0" bev="0" fileid="8" />
                <SequencePoint vc="4" uspid="26" ordinal="1" sl="26" sc="1" el="26" ec="2" bec="0" bev="0" fileid="8" />
                <SequencePoint vc="4" uspid="28" ordinal="2" sl="28" sc="1" el="28" ec="2" bec="0" bev="0" fileid="8" />
              </SequencePoints>
              <BranchPoints />
              <MethodPoint vc="3" uspid="0" p8:type="SequencePoint" ordinal="0" offset="0" sc="0" sl="25" ec="1" el="28" bec="0" bev="0" fileid="8" xmlns:p8="xsi" />
            </Method>
            <Method cyclomaticComplexity="1" nPathComplexity="1" sequenceCoverage="100" branchCoverage="100" isConstructor="False" isGetter="False" isSetter="False" isStatic="True">
              <Summary numSequencePoints="5" visitedSequencePoints="5" numBranchPoints="0" visitedBranchPoints="0" sequenceCoverage="100" branchCoverage="100" maxCyclomaticComplexity="1" minCyclomaticComplexity="1" visitedClasses="0" numClasses="0" visitedMethods="1" numMethods="1" />
              <MetadataToken />
              <Name>RestSharp.RestRequest Saucery.Core.RestAPI.RestBase::BuildRequest(System.String,RestSharp.Method)</Name>
              <FileRef uid="8" />
              <SequencePoints>
                <SequencePoint vc="7" uspid="33" ordinal="0" sl="33" sc="1" el="33" ec="2" bec="0" bev="0" fileid="8" />
                <SequencePoint vc="7" uspid="35" ordinal="1" sl="35" sc="1" el="35" ec="2" bec="0" bev="0" fileid="8" />
                <SequencePoint vc="7" uspid="36" ordinal="2" sl="36" sc="1" el="36" ec="2" bec="0" bev="0" fileid="8" />
                <SequencePoint vc="7" uspid="37" ordinal="3" sl="37" sc="1" el="37" ec="2" bec="0" bev="0" fileid="8" />
                <SequencePoint vc="7" uspid="39" ordinal="4" sl="39" sc="1" el="39" ec="2" bec="0" bev="0" fileid="8" />
              </SequencePoints>
              <BranchPoints />
              <MethodPoint vc="5" uspid="0" p8:type="SequencePoint" ordinal="1" offset="1" sc="0" sl="33" ec="1" el="39" bec="0" bev="0" fileid="8" xmlns:p8="xsi" />
            </Method>
            <Method cyclomaticComplexity="4" nPathComplexity="4" sequenceCoverage="57.14" branchCoverage="50" isConstructor="False" isGetter="False" isSetter="False" isStatic="True">
              <Summary numSequencePoints="7" visitedSequencePoints="4" numBranchPoints="4" visitedBranchPoints="2" sequenceCoverage="57.14" branchCoverage="50" maxCyclomaticComplexity="4" minCyclomaticComplexity="4" visitedClasses="0" numClasses="0" visitedMethods="1" numMethods="1" />
              <MetadataToken />
              <Name>System.Void Saucery.Core.RestAPI.RestBase::EnsureExecution(RestSharp.RestRequest)</Name>
              <FileRef uid="8" />
              <SequencePoints>
                <SequencePoint vc="3" uspid="44" ordinal="0" sl="44" sc="1" el="44" ec="2" bec="0" bev="0" fileid="8" />
                <SequencePoint vc="3" uspid="45" ordinal="1" sl="45" sc="1" el="45" ec="2" bec="2" bev="1" fileid="8" />
                <SequencePoint vc="3" uspid="47" ordinal="2" sl="47" sc="1" el="47" ec="2" bec="2" bev="1" fileid="8" />
                <SequencePoint vc="0" uspid="49" ordinal="3" sl="49" sc="1" el="49" ec="2" bec="0" bev="0" fileid="8" />
                <SequencePoint vc="0" uspid="50" ordinal="4" sl="50" sc="1" el="50" ec="2" bec="0" bev="0" fileid="8" />
                <SequencePoint vc="0" uspid="51" ordinal="5" sl="51" sc="1" el="51" ec="2" bec="0" bev="0" fileid="8" />
                <SequencePoint vc="3" uspid="53" ordinal="6" sl="53" sc="1" el="53" ec="2" bec="0" bev="0" fileid="8" />
              </SequencePoints>
              <BranchPoints>
                <BranchPoint vc="0" uspid="45" ordinal="0" path="0" offset="20" offsetend="22" sl="45" fileid="8" />
                <BranchPoint vc="3" uspid="45" ordinal="1" path="1" offset="20" offsetend="25" sl="45" fileid="8" />
                <BranchPoint vc="0" uspid="47" ordinal="3" path="1" offset="85" offsetend="33" sl="47" fileid="8" />
                <BranchPoint vc="3" uspid="47" ordinal="2" path="0" offset="85" offsetend="87" sl="47" fileid="8" />
              </BranchPoints>
              <MethodPoint vc="4" uspid="0" p8:type="SequencePoint" ordinal="2" offset="2" sc="0" sl="44" ec="1" el="53" bec="0" bev="0" fileid="8" xmlns:p8="xsi" />
            </Method>
            <Method cyclomaticComplexity="4" nPathComplexity="4" sequenceCoverage="30" branchCoverage="25" isConstructor="False" isGetter="False" isSetter="False" isStatic="True">
              <Summary numSequencePoints="10" visitedSequencePoints="3" numBranchPoints="4" visitedBranchPoints="1" sequenceCoverage="30" branchCoverage="25" maxCyclomaticComplexity="4" minCyclomaticComplexity="4" visitedClasses="0" numClasses="0" visitedMethods="1" numMethods="1" />
              <MetadataToken />
              <Name>RestSharp.RestResponse`1&lt;RestSharp.RestRequest&gt; Saucery.Core.RestAPI.RestBase::GetResponse(RestSharp.RestRequest)</Name>
              <FileRef uid="8" />
              <SequencePoints>
                <SequencePoint vc="4" uspid="57" ordinal="0" sl="57" sc="1" el="57" ec="2" bec="0" bev="0" fileid="8" />
                <SequencePoint vc="4" uspid="58" ordinal="1" sl="58" sc="1" el="58" ec="2" bec="2" bev="1" fileid="8" />
                <SequencePoint vc="4" uspid="60" ordinal="2" sl="60" sc="1" el="60" ec="2" bec="0" bev="0" fileid="8" />
                <SequencePoint vc="0" uspid="63" ordinal="3" sl="63" sc="1" el="63" ec="2" bec="0" bev="0" fileid="8" />
                <SequencePoint vc="0" uspid="65" ordinal="4" sl="65" sc="1" el="65" ec="2" bec="2" bev="0" fileid="8" />
                <SequencePoint vc="0" uspid="67" ordinal="5" sl="67" sc="1" el="67" ec="2" bec="0" bev="0" fileid="8" />
                <SequencePoint vc="0" uspid="68" ordinal="6" sl="68" sc="1" el="68" ec="2" bec="0" bev="0" fileid="8" />
                <SequencePoint vc="0" uspid="69" ordinal="7" sl="69" sc="1" el="69" ec="2" bec="0" bev="0" fileid="8" />
                <SequencePoint vc="0" uspid="70" ordinal="8" sl="70" sc="1" el="70" ec="2" bec="0" bev="0" fileid="8" />
                <SequencePoint vc="0" uspid="73" ordinal="9" sl="73" sc="1" el="73" ec="2" bec="0" bev="0" fileid="8" />
              </SequencePoints>
              <BranchPoints>
                <BranchPoint vc="4" uspid="58" ordinal="0" path="0" offset="43" offsetend="45" sl="58" fileid="8" />
                <BranchPoint vc="0" uspid="58" ordinal="1" path="1" offset="43" offsetend="47" sl="58" fileid="8" />
                <BranchPoint vc="0" uspid="65" ordinal="3" path="1" offset="123" offsetend="61" sl="65" fileid="8" />
                <BranchPoint vc="0" uspid="65" ordinal="2" path="0" offset="123" offsetend="125" sl="65" fileid="8" />
              </BranchPoints>
              <MethodPoint vc="3" uspid="0" p8:type="SequencePoint" ordinal="3" offset="3" sc="0" sl="57" ec="1" el="73" bec="0" bev="0" fileid="8" xmlns:p8="xsi" />
            </Method>
            <Method cyclomaticComplexity="1" nPathComplexity="1" sequenceCoverage="100" branchCoverage="100" isConstructor="True" isGetter="False" isSetter="False" isStatic="True">
              <Summary numSequencePoints="1" visitedSequencePoints="1" numBranchPoints="0" visitedBranchPoints="0" sequenceCoverage="100" branchCoverage="100" maxCyclomaticComplexity="1" minCyclomaticComplexity="1" visitedClasses="0" numClasses="0" visitedMethods="1" numMethods="1" />
              <MetadataToken />
              <Name>System.Void Saucery.Core.RestAPI.RestBase::.ctor()</Name>
              <FileRef uid="8" />
              <SequencePoints>
                <SequencePoint vc="14" uspid="16" ordinal="0" sl="16" sc="1" el="16" ec="2" bec="0" bev="0" fileid="8" />
              </SequencePoints>
              <BranchPoints />
              <MethodPoint vc="1" uspid="0" p8:type="SequencePoint" ordinal="4" offset="4" sc="0" sl="16" ec="1" el="16" bec="0" bev="0" fileid="8" xmlns:p8="xsi" />
            </Method>
            <Method cyclomaticComplexity="1" nPathComplexity="1" sequenceCoverage="100" branchCoverage="100" isConstructor="True" isGetter="False" isSetter="False" isStatic="True">
              <Summary numSequencePoints="6" visitedSequencePoints="6" numBranchPoints="0" visitedBranchPoints="0" sequenceCoverage="100" branchCoverage="100" maxCyclomaticComplexity="1" minCyclomaticComplexity="1" visitedClasses="0" numClasses="0" visitedMethods="1" numMethods="1" />
              <MetadataToken />
              <Name>System.Void Saucery.Core.RestAPI.RestBase::.cctor()</Name>
              <FileRef uid="8" />
              <SequencePoints>
                <SequencePoint vc="1" uspid="13" ordinal="0" sl="13" sc="1" el="13" ec="2" bec="0" bev="0" fileid="8" />
                <SequencePoint vc="1" uspid="14" ordinal="1" sl="14" sc="1" el="14" ec="2" bec="0" bev="0" fileid="8" />
                <SequencePoint vc="1" uspid="18" ordinal="2" sl="18" sc="1" el="18" ec="2" bec="0" bev="0" fileid="8" />
                <SequencePoint vc="1" uspid="19" ordinal="3" sl="19" sc="1" el="19" ec="2" bec="0" bev="0" fileid="8" />
                <SequencePoint vc="1" uspid="20" ordinal="4" sl="20" sc="1" el="20" ec="2" bec="0" bev="0" fileid="8" />
                <SequencePoint vc="1" uspid="21" ordinal="5" sl="21" sc="1" el="21" ec="2" bec="0" bev="0" fileid="8" />
              </SequencePoints>
              <BranchPoints />
              <MethodPoint vc="6" uspid="0" p8:type="SequencePoint" ordinal="5" offset="5" sc="0" sl="13" ec="1" el="21" bec="0" bev="0" fileid="8" xmlns:p8="xsi" />
            </Method>
          </Methods>
        </Class>
        <Class>
          <Summary numSequencePoints="56" visitedSequencePoints="21" numBranchPoints="18" visitedBranchPoints="17" sequenceCoverage="37.5" branchCoverage="94.44" maxCyclomaticComplexity="10" minCyclomaticComplexity="1" visitedClasses="1" numClasses="1" visitedMethods="15" numMethods="50" />
          <FullName>Saucery.Core.RestAPI.SupportedPlatform</FullName>
          <Methods>
            <Method cyclomaticComplexity="1" nPathComplexity="1" sequenceCoverage="100" branchCoverage="100" isConstructor="False" isGetter="True" isSetter="False" isStatic="True">
              <Summary numSequencePoints="1" visitedSequencePoints="1" numBranchPoints="0" visitedBranchPoints="0" sequenceCoverage="100" branchCoverage="100" maxCyclomaticComplexity="1" minCyclomaticComplexity="1" visitedClasses="0" numClasses="0" visitedMethods="1" numMethods="1" />
              <MetadataToken />
              <Name>System.Collections.Generic.List`1&lt;System.String&gt; Saucery.Core.RestAPI.SupportedPlatform::get_deprecated_backend_versions()</Name>
              <FileRef uid="9" />
              <SequencePoints>
                <SequencePoint vc="2722" uspid="4" ordinal="0" sl="4" sc="1" el="4" ec="2" bec="0" bev="0" fileid="9" />
              </SequencePoints>
              <BranchPoints />
              <MethodPoint vc="1" uspid="0" p8:type="SequencePoint" ordinal="0" offset="0" sc="0" sl="4" ec="1" el="4" bec="0" bev="0" fileid="9" xmlns:p8="xsi" />
            </Method>
            <Method cyclomaticComplexity="1" nPathComplexity="1" sequenceCoverage="100" branchCoverage="100" isConstructor="False" isGetter="True" isSetter="False" isStatic="True">
              <Summary numSequencePoints="1" visitedSequencePoints="1" numBranchPoints="0" visitedBranchPoints="0" sequenceCoverage="100" branchCoverage="100" maxCyclomaticComplexity="1" minCyclomaticComplexity="1" visitedClasses="0" numClasses="0" visitedMethods="1" numMethods="1" />
              <MetadataToken />
              <Name>System.String Saucery.Core.RestAPI.SupportedPlatform::get_short_version()</Name>
              <FileRef uid="9" />
              <SequencePoints>
                <SequencePoint vc="47764" uspid="5" ordinal="0" sl="5" sc="1" el="5" ec="2" bec="0" bev="0" fileid="9" />
              </SequencePoints>
              <BranchPoints />
              <MethodPoint vc="1" uspid="0" p8:type="SequencePoint" ordinal="1" offset="1" sc="0" sl="5" ec="1" el="5" bec="0" bev="0" fileid="9" xmlns:p8="xsi" />
            </Method>
            <Method cyclomaticComplexity="1" nPathComplexity="1" sequenceCoverage="100" branchCoverage="100" isConstructor="False" isGetter="True" isSetter="False" isStatic="True">
              <Summary numSequencePoints="1" visitedSequencePoints="1" numBranchPoints="0" visitedBranchPoints="0" sequenceCoverage="100" branchCoverage="100" maxCyclomaticComplexity="1" minCyclomaticComplexity="1" visitedClasses="0" numClasses="0" visitedMethods="1" numMethods="1" />
              <MetadataToken />
              <Name>System.String Saucery.Core.RestAPI.SupportedPlatform::get_long_name()</Name>
              <FileRef uid="9" />
              <SequencePoints>
                <SequencePoint vc="16033" uspid="6" ordinal="0" sl="6" sc="1" el="6" ec="2" bec="0" bev="0" fileid="9" />
              </SequencePoints>
              <BranchPoints />
              <MethodPoint vc="1" uspid="0" p8:type="SequencePoint" ordinal="2" offset="2" sc="0" sl="6" ec="1" el="6" bec="0" bev="0" fileid="9" xmlns:p8="xsi" />
            </Method>
            <Method cyclomaticComplexity="1" nPathComplexity="1" sequenceCoverage="100" branchCoverage="100" isConstructor="False" isGetter="True" isSetter="False" isStatic="True">
              <Summary numSequencePoints="1" visitedSequencePoints="1" numBranchPoints="0" visitedBranchPoints="0" sequenceCoverage="100" branchCoverage="100" maxCyclomaticComplexity="1" minCyclomaticComplexity="1" visitedClasses="0" numClasses="0" visitedMethods="1" numMethods="1" />
              <MetadataToken />
              <Name>System.String Saucery.Core.RestAPI.SupportedPlatform::get_recommended_backend_version()</Name>
              <FileRef uid="9" />
              <SequencePoints>
                <SequencePoint vc="5544" uspid="7" ordinal="0" sl="7" sc="1" el="7" ec="2" bec="0" bev="0" fileid="9" />
              </SequencePoints>
              <BranchPoints />
              <MethodPoint vc="1" uspid="0" p8:type="SequencePoint" ordinal="3" offset="3" sc="0" sl="7" ec="1" el="7" bec="0" bev="0" fileid="9" xmlns:p8="xsi" />
            </Method>
[...]
              <MetadataToken />
              <Name>System.Void Saucery.Tests.Common.PageObjects.GuineaPigPage::.ctor(OpenQA.Selenium.WebDriver,System.String)</Name>
              <FileRef uid="156" />
              <SequencePoints>
                <SequencePoint vc="3" uspid="10" ordinal="0" sl="10" sc="1" el="10" ec="2" bec="0" bev="0" fileid="156" />
                <SequencePoint vc="3" uspid="11" ordinal="1" sl="11" sc="1" el="11" ec="2" bec="0" bev="0" fileid="156" />
                <SequencePoint vc="3" uspid="12" ordinal="2" sl="12" sc="1" el="12" ec="2" bec="0" bev="0" fileid="156" />
                <SequencePoint vc="3" uspid="13" ordinal="3" sl="13" sc="1" el="13" ec="2" bec="0" bev="0" fileid="156" />
              </SequencePoints>
              <BranchPoints />
              <MethodPoint vc="4" uspid="0" p8:type="SequencePoint" ordinal="4" offset="4" sc="0" sl="10" ec="1" el="13" bec="0" bev="0" fileid="156" xmlns:p8="xsi" />
            </Method>
          </Methods>
        </Class>
      </Classes>
    </Module>
    <Module hash="FBE00A9E-72FC-44A1-BDCE-CBAD5CB235B8">
      <ModulePath>Saucery.TUnit.dll</ModulePath>
      <ModuleTime>2025-02-26T03:39:40</ModuleTime>
      <ModuleName>Saucery.TUnit</ModuleName>
      <Files>
        <File uid="157" fullPath="C:\gitrepos\Saucery\Saucery.TUnit\BaseFixture.cs" />
        <File uid="158" fullPath="C:\gitrepos\Saucery\Saucery.TUnit\SauceryTBase.cs" />
      </Files>
      <Classes>
        <Class>
          <Summary numSequencePoints="27" visitedSequencePoints="25" numBranchPoints="4" visitedBranchPoints="2" sequenceCoverage="92.59" branchCoverage="50" maxCyclomaticComplexity="4" minCyclomaticComplexity="1" visitedClasses="1" numClasses="1" visitedMethods="3" numMethods="3" />
          <FullName>Saucery.TUnit.BaseFixture</FullName>
          <Methods>
            <Method cyclomaticComplexity="4" nPathComplexity="4" sequenceCoverage="90.47" branchCoverage="50" isConstructor="False" isGetter="False" isSetter="False" isStatic="True">
              <Summary numSequencePoints="21" visitedSequencePoints="19" numBranchPoints="4" visitedBranchPoints="2" sequenceCoverage="90.47" branchCoverage="50" maxCyclomaticComplexity="4" minCyclomaticComplexity="4" visitedClasses="0" numClasses="0" visitedMethods="1" numMethods="1" />
              <MetadataToken />
              <Name>System.Boolean Saucery.TUnit.BaseFixture::InitialiseDriver(System.ValueTuple`2&lt;OpenQA.Selenium.DriverOptions,Saucery.Core.Dojo.BrowserVersion&gt;,System.Int32)</Name>
              <FileRef uid="157" />
              <SequencePoints>
                <SequencePoint vc="3" uspid="34" ordinal="0" sl="34" sc="1" el="34" ec="2" bec="0" bev="0" fileid="157" />
                <SequencePoint vc="3" uspid="37" ordinal="1" sl="37" sc="1" el="37" ec="2" bec="4" bev="2" fileid="157" />
                <SequencePoint vc="3" uspid="38" ordinal="2" sl="38" sc="1" el="38" ec="2" bec="0" bev="0" fileid="157" />
                <SequencePoint vc="3" uspid="39" ordinal="3" sl="39" sc="1" el="39" ec="2" bec="0" bev="0" fileid="157" />
                <SequencePoint vc="3" uspid="40" ordinal="4" sl="40" sc="1" el="40" ec="2" bec="0" bev="0" fileid="157" />
                <SequencePoint vc="3" uspid="41" ordinal="5" sl="41" sc="1" el="41" ec="2" bec="0" bev="0" fileid="157" />
                <SequencePoint vc="3" uspid="42" ordinal="6" sl="42" sc="1" el="42" ec="2" bec="0" bev="0" fileid="157" />
                <SequencePoint vc="3" uspid="43" ordinal="7" sl="43" sc="1" el="43" ec="2" bec="0" bev="0" fileid="157" />
                <SequencePoint vc="3" uspid="44" ordinal="8" sl="44" sc="1" el="44" ec="2" bec="0" bev="0" fileid="157" />
                <SequencePoint vc="3" uspid="45" ordinal="9" sl="45" sc="1" el="45" ec="2" bec="0" bev="0" fileid="157" />
                <SequencePoint vc="3" uspid="46" ordinal="10" sl="46" sc="1" el="46" ec="2" bec="0" bev="0" fileid="157" />
                <SequencePoint vc="3" uspid="47" ordinal="11" sl="47" sc="1" el="47" ec="2" bec="0" bev="0" fileid="157" />
                <SequencePoint vc="3" uspid="48" ordinal="12" sl="48" sc="1" el="48" ec="2" bec="0" bev="0" fileid="157" />
                <SequencePoint vc="3" uspid="49" ordinal="13" sl="49" sc="1" el="49" ec="2" bec="0" bev="0" fileid="157" />
                <SequencePoint vc="3" uspid="50" ordinal="14" sl="50" sc="1" el="50" ec="2" bec="0" bev="0" fileid="157" />
                <SequencePoint vc="3" uspid="51" ordinal="15" sl="51" sc="1" el="51" ec="2" bec="0" bev="0" fileid="157" />
                <SequencePoint vc="3" uspid="52" ordinal="16" sl="52" sc="1" el="52" ec="2" bec="0" bev="0" fileid="157" />
                <SequencePoint vc="3" uspid="54" ordinal="17" sl="54" sc="1" el="54" ec="2" bec="0" bev="0" fileid="157" />
                <SequencePoint vc="0" uspid="58" ordinal="18" sl="58" sc="1" el="58" ec="2" bec="0" bev="0" fileid="157" />
                <SequencePoint vc="0" uspid="59" ordinal="19" sl="59" sc="1" el="59" ec="2" bec="0" bev="0" fileid="157" />
                <SequencePoint vc="3" uspid="61" ordinal="20" sl="61" sc="1" el="61" ec="2" bec="0" bev="0" fileid="157" />
              </SequencePoints>
              <BranchPoints>
                <BranchPoint vc="3" uspid="37" ordinal="0" path="0" offset="34" offsetend="36" sl="37" fileid="157" />
                <BranchPoint vc="3" uspid="37" ordinal="2" path="0" offset="47" offsetend="49" sl="37" fileid="157" />
                <BranchPoint vc="0" uspid="37" ordinal="3" path="1" offset="47" offsetend="73" sl="37" fileid="157" />
                <BranchPoint vc="0" uspid="37" ordinal="1" path="1" offset="34" offsetend="109" sl="37" fileid="157" />
              </BranchPoints>
              <MethodPoint vc="19" uspid="0" p8:type="SequencePoint" ordinal="0" offset="0" sc="0" sl="34" ec="1" el="61" bec="0" bev="0" fileid="157" xmlns:p8="xsi" />
            </Method>
            <Method cyclomaticComplexity="1" nPathComplexity="1" sequenceCoverage="100" branchCoverage="100" isConstructor="False" isGetter="False" isSetter="False" isStatic="True">
              <Summary numSequencePoints="1" visitedSequencePoints="1" numBranchPoints="0" visitedBranchPoints="0" sequenceCoverage="100" branchCoverage="100" maxCyclomaticComplexity="1" minCyclomaticComplexity="1" visitedClasses="0" numClasses="0" visitedMethods="1" numMethods="1" />
              <MetadataToken />
              <Name>OpenQA.Selenium.WebDriver Saucery.TUnit.BaseFixture::SauceryDriver()</Name>
              <FileRef uid="157" />
              <SequencePoints>
                <SequencePoint vc="8" uspid="63" ordinal="0" sl="63" sc="1" el="63" ec="2" bec="0" bev="0" fileid="157" />
              </SequencePoints>
              <BranchPoints />
              <MethodPoint vc="1" uspid="0" p8:type="SequencePoint" ordinal="1" offset="1" sc="0" sl="63" ec="1" el="63" bec="0" bev="0" fileid="157" xmlns:p8="xsi" />
            </Method>
            <Method cyclomaticComplexity="1" nPathComplexity="1" sequenceCoverage="100" branchCoverage="100" isConstructor="True" isGetter="False" isSetter="False" isStatic="True">
              <Summary numSequencePoints="5" visitedSequencePoints="5" numBranchPoints="0" visitedBranchPoints="0" sequenceCoverage="100" branchCoverage="100" maxCyclomaticComplexity="1" minCyclomaticComplexity="1" visitedClasses="0" numClasses="0" visitedMethods="1" numMethods="1" />
              <MetadataToken />
              <Name>System.Void Saucery.TUnit.BaseFixture::.ctor()</Name>
              <FileRef uid="157" />
              <SequencePoints>
                <SequencePoint vc="3" uspid="20" ordinal="0" sl="20" sc="1" el="20" ec="2" bec="0" bev="0" fileid="157" />
                <SequencePoint vc="3" uspid="22" ordinal="1" sl="22" sc="1" el="22" ec="2" bec="0" bev="0" fileid="157" />
                <SequencePoint vc="3" uspid="24" ordinal="2" sl="24" sc="1" el="24" ec="2" bec="0" bev="0" fileid="157" />
                <SequencePoint vc="3" uspid="26" ordinal="3" sl="26" sc="1" el="26" ec="2" bec="0" bev="0" fileid="157" />
                <SequencePoint vc="3" uspid="30" ordinal="4" sl="30" sc="1" el="30" ec="2" bec="0" bev="0" fileid="157" />
              </SequencePoints>
              <BranchPoints />
              <MethodPoint vc="5" uspid="0" p8:type="SequencePoint" ordinal="2" offset="2" sc="0" sl="20" ec="1" el="30" bec="0" bev="0" fileid="157" xmlns:p8="xsi" />
            </Method>
          </Methods>
        </Class>
        <Class>
          <Summary numSequencePoints="35" visitedSequencePoints="25" numBranchPoints="22" visitedBranchPoints="9" sequenceCoverage="71.42" branchCoverage="40.9" maxCyclomaticComplexity="16" minCyclomaticComplexity="1" visitedClasses="1" numClasses="1" visitedMethods="4" numMethods="4" />
          <FullName>Saucery.TUnit.SauceryTBase</FullName>
          <Methods>
            <Method cyclomaticComplexity="2" nPathComplexity="2" sequenceCoverage="84.61" branchCoverage="50" isConstructor="False" isGetter="False" isSetter="False" isStatic="True">
              <Summary numSequencePoints="13" visitedSequencePoints="11" numBranchPoints="2" visitedBranchPoints="1" sequenceCoverage="84.61" branchCoverage="50" maxCyclomaticComplexity="2" minCyclomaticComplexity="2" visitedClasses="0" numClasses="0" visitedMethods="1" numMethods="1" />
              <MetadataToken />
              <Name>System.Boolean Saucery.TUnit.SauceryTBase::InitialiseDriver(Saucery.Core.Dojo.BrowserVersion)</Name>
              <FileRef uid="158" />
              <SequencePoints>
                <SequencePoint vc="3" uspid="18" ordinal="0" sl="18" sc="1" el="18" ec="2" bec="0" bev="0" fileid="158" />
                <SequencePoint vc="3" uspid="20" ordinal="1" sl="20" sc="1" el="20" ec="2" bec="0" bev="0" fileid="158" />
                <SequencePoint vc="3" uspid="21" ordinal="2" sl="21" sc="1" el="21" ec="2" bec="0" bev="0" fileid="158" />
                <SequencePoint vc="3" uspid="22" ordinal="3" sl="22" sc="1" el="22" ec="2" bec="0" bev="0" fileid="158" />
                <SequencePoint vc="3" uspid="23" ordinal="4" sl="23" sc="1" el="23" ec="2" bec="0" bev="0" fileid="158" />
                <SequencePoint vc="3" uspid="26" ordinal="5" sl="26" sc="1" el="26" ec="2" bec="0" bev="0" fileid="158" />
                <SequencePoint vc="3" uspid="27" ordinal="6" sl="27" sc="1" el="27" ec="2" bec="0" bev="0" fileid="158" />
                <SequencePoint vc="3" uspid="29" ordinal="7" sl="29" sc="1" el="29" ec="2" bec="0" bev="0" fileid="158" />
                <SequencePoint vc="3" uspid="31" ordinal="8" sl="31" sc="1" el="31" ec="2" bec="2" bev="1" fileid="158" />
                <SequencePoint vc="0" uspid="33" ordinal="9" sl="33" sc="1" el="33" ec="2" bec="0" bev="0" fileid="158" />
                <SequencePoint vc="0" uspid="34" ordinal="10" sl="34" sc="1" el="34" ec="2" bec="0" bev="0" fileid="158" />
                <SequencePoint vc="3" uspid="36" ordinal="11" sl="36" sc="1" el="36" ec="2" bec="0" bev="0" fileid="158" />
                <SequencePoint vc="3" uspid="38" ordinal="12" sl="38" sc="1" el="38" ec="2" bec="0" bev="0" fileid="158" />
              </SequencePoints>
              <BranchPoints>
                <BranchPoint vc="0" uspid="31" ordinal="1" path="1" offset="139" offsetend="99" sl="31" fileid="158" />
                <BranchPoint vc="3" uspid="31" ordinal="0" path="0" offset="139" offsetend="141" sl="31" fileid="158" />
              </BranchPoints>
              <MethodPoint vc="11" uspid="0" p8:type="SequencePoint" ordinal="0" offset="0" sc="0" sl="18" ec="1" el="38" bec="0" bev="0" fileid="158" xmlns:p8="xsi" />
            </Method>
            <Method cyclomaticComplexity="16" nPathComplexity="16" sequenceCoverage="60" branchCoverage="37.5" isConstructor="False" isGetter="False" isSetter="False" isStatic="True">
              <Summary numSequencePoints="20" visitedSequencePoints="12" numBranchPoints="16" visitedBranchPoints="6" sequenceCoverage="60" branchCoverage="37.5" maxCyclomaticComplexity="16" minCyclomaticComplexity="16" visitedClasses="0" numClasses="0" visitedMethods="1" numMethods="1" />
              <MetadataToken />
              <Name>System.Void Saucery.TUnit.SauceryTBase::TearDown()</Name>
              <FileRef uid="158" />
              <SequencePoints>
                <SequencePoint vc="3" uspid="46" ordinal="0" sl="46" sc="1" el="46" ec="2" bec="0" bev="0" fileid="158" />
                <SequencePoint vc="3" uspid="47" ordinal="1" sl="47" sc="1" el="47" ec="2" bec="2" bev="2" fileid="158" />
                <SequencePoint vc="3" uspid="49" ordinal="2" sl="49" sc="1" el="49" ec="2" bec="4" bev="2" fileid="158" />
                <SequencePoint vc="3" uspid="53" ordinal="3" sl="53" sc="1" el="53" ec="2" bec="2" bev="1" fileid="158" />
                <SequencePoint vc="0" uspid="54" ordinal="4" sl="54" sc="1" el="54" ec="2" bec="0" bev="0" fileid="158" />
                <SequencePoint vc="0" uspid="55" ordinal="5" sl="55" sc="1" el="55" ec="2" bec="2" bev="0" fileid="158" />
                <SequencePoint vc="0" uspid="56" ordinal="6" sl="56" sc="1" el="56" ec="2" bec="2" bev="0" fileid="158" />
                <SequencePoint vc="0" uspid="57" ordinal="7" sl="57" sc="1" el="57" ec="2" bec="0" bev="0" fileid="158" />
                <SequencePoint vc="3" uspid="60" ordinal="8" sl="60" sc="1" el="60" ec="2" bec="0" bev="0" fileid="158" />
                <SequencePoint vc="3" uspid="62" ordinal="9" sl="62" sc="1" el="62" ec="2" bec="0" bev="0" fileid="158" />
                <SequencePoint vc="3" uspid="64" ordinal="10" sl="64" sc="1" el="64" ec="2" bec="0" bev="0" fileid="158" />
                <SequencePoint vc="3" uspid="65" ordinal="11" sl="65" sc="1" el="65" ec="2" bec="0" bev="0" fileid="158" />
                <SequencePoint vc="3" uspid="66" ordinal="12" sl="66" sc="1" el="66" ec="2" bec="0" bev="0" fileid="158" />
                <SequencePoint vc="3" uspid="67" ordinal="13" sl="67" sc="1" el="67" ec="2" bec="2" bev="1" fileid="158" />
                <SequencePoint vc="3" uspid="69" ordinal="14" sl="69" sc="1" el="69" ec="2" bec="0" bev="0" fileid="158" />
                <SequencePoint vc="0" uspid="70" ordinal="15" sl="70" sc="1" el="70" ec="2" bec="0" bev="0" fileid="158" />
                <SequencePoint vc="0" uspid="72" ordinal="16" sl="72" sc="1" el="72" ec="2" bec="0" bev="0" fileid="158" />
                <SequencePoint vc="0" uspid="73" ordinal="17" sl="73" sc="1" el="73" ec="2" bec="2" bev="0" fileid="158" />
                <SequencePoint vc="0" uspid="74" ordinal="18" sl="74" sc="1" el="74" ec="2" bec="0" bev="0" fileid="158" />
                <SequencePoint vc="3" uspid="75" ordinal="19" sl="75" sc="1" el="75" ec="2" bec="0" bev="0" fileid="158" />
              </SequencePoints>
              <BranchPoints>
                <BranchPoint vc="3" uspid="47" ordinal="0" path="0" offset="13" offsetend="18" sl="47" fileid="158" />
                <BranchPoint vc="0" uspid="49" ordinal="2" path="0" offset="24" offsetend="26" sl="49" fileid="158" />
                <BranchPoint vc="3" uspid="49" ordinal="3" path="1" offset="24" offsetend="30" sl="49" fileid="158" />
                <BranchPoint vc="0" uspid="49" ordinal="4" path="0" offset="36" offsetend="38" sl="49" fileid="158" />
                <BranchPoint vc="3" uspid="49" ordinal="5" path="1" offset="36" offsetend="50" sl="49" fileid="158" />
                <BranchPoint vc="0" uspid="53" ordinal="6" path="0" offset="95" offsetend="97" sl="53" fileid="158" />
                <BranchPoint vc="0" uspid="55" ordinal="8" path="0" offset="109" offsetend="111" sl="55" fileid="158" />
                <BranchPoint vc="0" uspid="55" ordinal="9" path="1" offset="109" offsetend="115" sl="55" fileid="158" />
                <BranchPoint vc="0" uspid="56" ordinal="11" path="1" offset="180" offsetend="145" sl="56" fileid="158" />
                <BranchPoint vc="0" uspid="56" ordinal="10" path="0" offset="180" offsetend="182" sl="56" fileid="158" />
                <BranchPoint vc="3" uspid="53" ordinal="7" path="1" offset="95" offsetend="198" sl="53" fileid="158" />
                <BranchPoint vc="0" uspid="67" ordinal="12" path="0" offset="271" offsetend="273" sl="67" fileid="158" />
                <BranchPoint vc="3" uspid="67" ordinal="13" path="1" offset="271" offsetend="276" sl="67" fileid="158" />
                <BranchPoint vc="3" uspid="47" ordinal="1" path="1" offset="13" offsetend="281" sl="47" fileid="158" />
                <BranchPoint vc="0" uspid="73" ordinal="14" path="0" offset="301" offsetend="303" sl="73" fileid="158" />
                <BranchPoint vc="0" uspid="73" ordinal="15" path="1" offset="301" offsetend="306" sl="73" fileid="158" />
              </BranchPoints>
              <MethodPoint vc="12" uspid="0" p8:type="SequencePoint" ordinal="1" offset="1" sc="0" sl="46" ec="1" el="75" bec="0" bev="0" fileid="158" xmlns:p8="xsi" />
            </Method>
            <Method cyclomaticComplexity="4" nPathComplexity="4" sequenceCoverage="100" branchCoverage="50" isConstructor="False" isGetter="False" isSetter="False" isStatic="True">
              <Summary numSequencePoints="1" visitedSequencePoints="1" numBranchPoints="4" visitedBranchPoints="2" sequenceCoverage="100" branchCoverage="50" maxCyclomaticComplexity="4" minCyclomaticComplexity="4" visitedClasses="0" numClasses="0" visitedMethods="1" numMethods="1" />
              <MetadataToken />
              <Name>System.String Saucery.TUnit.SauceryTBase::GetTestName()</Name>
              <FileRef uid="158" />
              <SequencePoints>
                <SequencePoint vc="3" uspid="77" ordinal="0" sl="77" sc="1" el="77" ec="2" bec="4" bev="2" fileid="158" />
              </SequencePoints>
              <BranchPoints>
                <BranchPoint vc="0" uspid="77" ordinal="0" path="0" offset="6" offsetend="8" sl="77" fileid="158" />
                <BranchPoint vc="3" uspid="77" ordinal="1" path="1" offset="6" offsetend="12" sl="77" fileid="158" />
                <BranchPoint vc="0" uspid="77" ordinal="2" path="0" offset="23" offsetend="25" sl="77" fileid="158" />
                <BranchPoint vc="3" uspid="77" ordinal="3" path="1" offset="23" offsetend="31" sl="77" fileid="158" />
              </BranchPoints>
              <MethodPoint vc="1" uspid="0" p8:type="SequencePoint" ordinal="2" offset="2" sc="0" sl="77" ec="1" el="77" bec="0" bev="0" fileid="158" xmlns:p8="xsi" />
            </Method>
            <Method cyclomaticComplexity="1" nPathComplexity="1" sequenceCoverage="100" branchCoverage="100" isConstructor="True" isGetter="False" isSetter="False" isStatic="True">
              <Summary numSequencePoints="1" visitedSequencePoints="1" numBranchPoints="0" visitedBranchPoints="0" sequenceCoverage="100" branchCoverage="100" maxCyclomaticComplexity="1" minCyclomaticComplexity="1" visitedClasses="0" numClasses="0" visitedMethods="1" numMethods="1" />
              <MetadataToken />
              <Name>System.Void Saucery.TUnit.SauceryTBase::.ctor()</Name>
              <FileRef uid="158" />
              <SequencePoints>
                <SequencePoint vc="3" uspid="12" ordinal="0" sl="12" sc="1" el="12" ec="2" bec="0" bev="0" fileid="158" />
              </SequencePoints>
              <BranchPoints />
              <MethodPoint vc="1" uspid="0" p8:type="SequencePoint" ordinal="3" offset="3" sc="0" sl="12" ec="1" el="12" bec="0" bev="0" fileid="158" xmlns:p8="xsi" />
            </Method>
          </Methods>
        </Class>
      </Classes>
    </Module>
  </Modules>
</CoverageSession>